[2017-05-01 18:07:27.688] [INFO] resLogger - 
*************** response log start ***************
request method: GET
request originalUrl: /users/registerUser?aaa=1
request client ip: ::1
request query: {"aaa":"1"}
response time:1
response status: 404
response body: 
undefined
*************** response log end ***************

[2017-05-01 18:07:28.902] [INFO] resLogger - 
*************** response log start ***************
request method: GET
request originalUrl: /users/registerUser?aaa=1
request client ip: ::1
request query: {"aaa":"1"}
response time:1
response status: 404
response body: 
undefined
*************** response log end ***************

[2017-05-01 18:07:53.946] [INFO] resLogger - 
*************** response log start ***************
request method: GET
request originalUrl: /users/registerUser?aaa=1
request client ip: ::1
request query: {"aaa":"1"}
response time:11
response status: 200
response body: 
"{}"
*************** response log end ***************

[2017-05-01 18:07:55.317] [INFO] resLogger - 
*************** response log start ***************
request method: GET
request originalUrl: /users/registerUser?aaa=1
request client ip: ::1
request query: {"aaa":"1"}
response time:2
response status: 200
response body: 
"{}"
*************** response log end ***************

[2017-05-01 18:07:57.415] [INFO] resLogger - 
*************** response log start ***************
request method: GET
request originalUrl: /users/registerUser?aaa=1
request client ip: ::1
request query: {"aaa":"1"}
response time:1
response status: 200
response body: 
"{}"
*************** response log end ***************

[2017-05-01 18:08:13.819] [INFO] resLogger - 
*************** response log start ***************
request method: GET
request originalUrl: /users/registerUser?aaa=1
request client ip: ::1
request query: {"aaa":"1"}
response time:12
response status: 200
response body: 
"{\n  \"aaa\": \"1\"\n}"
*************** response log end ***************

[2017-05-01 18:17:27.056] [INFO] resLogger - 
*************** response log start ***************
request method: GET
request originalUrl: /users/registerUser?aaa=1
request client ip: ::1
request query: {"aaa":"1"}
response time:6
response status: 404
response body: 
undefined
*************** response log end ***************

[2017-05-01 18:17:30.845] [INFO] resLogger - 
*************** response log start ***************
request method: GET
request originalUrl: /users/getUser
request client ip: ::1
request query: {}
response time:2
response status: 200
response body: 
"{\n  \"username\": \"拍岸\",\n  \"age\": 18\n}"
*************** response log end ***************

[2017-05-01 18:19:20.849] [INFO] resLogger - 
*************** response log start ***************
request method: GET
request originalUrl: /users/getUser
request client ip: ::1
request query: {}
response time:10
response status: 200
response body: 
"{\n  \"username\": \"拍岸\",\n  \"age\": 18\n}"
*************** response log end ***************

[2017-05-01 18:23:06.529] [INFO] resLogger - 
*************** response log start ***************
request method: GET
request originalUrl: /users/getUser
request client ip: ::1
request query: {}
response time:2
response status: 200
response body: 
"{\n  \"username\": \"拍岸\",\n  \"age\": 18\n}"
*************** response log end ***************

[2017-05-01 18:51:41.365] [INFO] resLogger - 
*************** response log start ***************
request method: GET
request originalUrl: /users/getUser
request client ip: ::1
request query: {}
response time:9
response status: 200
response body: 
"{\n  \"username\": \"拍岸\",\n  \"age\": 18\n}"
*************** response log end ***************

[2017-05-01 18:51:42.092] [INFO] resLogger - 
*************** response log start ***************
request method: GET
request originalUrl: /users/getUser
request client ip: ::1
request query: {}
response time:1
response status: 200
response body: 
"{\n  \"username\": \"拍岸\",\n  \"age\": 18\n}"
*************** response log end ***************

[2017-05-01 18:51:42.316] [INFO] resLogger - 
*************** response log start ***************
request method: GET
request originalUrl: /users/getUser
request client ip: ::1
request query: {}
response time:1
response status: 200
response body: 
"{\n  \"username\": \"拍岸\",\n  \"age\": 18\n}"
*************** response log end ***************

[2017-05-01 18:51:52.989] [INFO] resLogger - 
*************** response log start ***************
request method: GET
request originalUrl: /api/users/getUser
request client ip: ::1
request query: {}
response time:1
response status: 200
response body: 
"{\n  \"username\": \"拍岸\",\n  \"age\": 18\n}"
*************** response log end ***************

[2017-05-01 18:51:54.857] [INFO] resLogger - 
*************** response log start ***************
request method: GET
request originalUrl: /api/users/getUser
request client ip: ::1
request query: {}
response time:1
response status: 200
response body: 
"{\n  \"username\": \"拍岸\",\n  \"age\": 18\n}"
*************** response log end ***************

[2017-05-01 18:51:57.804] [INFO] resLogger - 
*************** response log start ***************
request method: GET
request originalUrl: /api/users/getUser
request client ip: ::1
request query: {}
response time:1
response status: 200
response body: 
"{\n  \"username\": \"拍岸\",\n  \"age\": 18\n}"
*************** response log end ***************

[2017-05-01 18:52:26.615] [INFO] resLogger - 
*************** response log start ***************
request method: GET
request originalUrl: /api/users/registerUser
request client ip: ::1
request query: {}
response time:1
response status: 404
response body: 
undefined
*************** response log end ***************

[2017-05-01 18:52:28.435] [INFO] resLogger - 
*************** response log start ***************
request method: GET
request originalUrl: /api/users/registerUser
request client ip: ::1
request query: {}
response time:0
response status: 404
response body: 
undefined
*************** response log end ***************

[2017-05-01 18:57:44.043] [INFO] resLogger - 
*************** response log start ***************
request method: GET
request originalUrl: /api/users/registerUser
request client ip: ::1
request query: {}
response time:8
response status: 404
response body: 
undefined
*************** response log end ***************

[2017-05-01 18:57:46.119] [INFO] resLogger - 
*************** response log start ***************
request method: GET
request originalUrl: /api/users/getUser
request client ip: ::1
request query: {}
response time:2
response status: 200
response body: 
"{\n  \"username\": \"拍岸\",\n  \"age\": 18\n}"
*************** response log end ***************

[2017-05-01 18:57:46.701] [INFO] resLogger - 
*************** response log start ***************
request method: GET
request originalUrl: /api/users/getUser
request client ip: ::1
request query: {}
response time:0
response status: 200
response body: 
"{\n  \"username\": \"拍岸\",\n  \"age\": 18\n}"
*************** response log end ***************

[2017-05-01 18:57:46.933] [INFO] resLogger - 
*************** response log start ***************
request method: GET
request originalUrl: /api/users/getUser
request client ip: ::1
request query: {}
response time:0
response status: 200
response body: 
"{\n  \"username\": \"拍岸\",\n  \"age\": 18\n}"
*************** response log end ***************

[2017-05-01 18:57:47.107] [INFO] resLogger - 
*************** response log start ***************
request method: GET
request originalUrl: /api/users/getUser
request client ip: ::1
request query: {}
response time:1
response status: 200
response body: 
"{\n  \"username\": \"拍岸\",\n  \"age\": 18\n}"
*************** response log end ***************

[2017-05-01 18:57:58.585] [INFO] resLogger - 
*************** response log start ***************
request method: GET
request originalUrl: /api/users/getUser
request client ip: ::1
request query: {}
response time:8
response status: 200
response body: 
"{\n  \"username\": \"拍岸\",\n  \"age\": 18\n}"
*************** response log end ***************

