[2017-05-01 22:14:47.498] [INFO] resLogger - 
*************** response log start ***************
request method: GET
request originalUrl: /
request client ip: ::1
request query: {}
response time:35
response status: 200
response body: 
"<!DOCTYPE html><html><head><title>不读会死</title><link rel=\"stylesheet\" href=\"/stylesheets/style.css\"><link rel=\"shortcut icon\" href=\" /favicon.ico\"></head><body><h1>不读会死</h1><p>Welcome to 不读会死</p></body></html>"
*************** response log end ***************

[2017-05-01 22:14:47.529] [INFO] resLogger - 
*************** response log start ***************
request method: GET
request originalUrl: /stylesheets/style.css
request client ip: ::1
request query: {}
response time:3
response status: 200
response body: 
{"_readableState":{"objectMode":false,"highWaterMark":65536,"buffer":{"head":null,"tail":null,"length":0},"length":0,"pipes":null,"pipesCount":0,"flowing":null,"ended":false,"endEmitted":false,"reading":false,"sync":true,"needReadable":false,"emittedReadable":false,"readableListening":false,"resumeScheduled":false,"defaultEncoding":"utf8","ranOut":false,"awaitDrain":0,"readingMore":false,"decoder":null,"encoding":null},"readable":true,"domain":null,"_events":{},"_eventsCount":2,"path":"D:\\buduhuisi\\server\\public\\stylesheets\\style.css","fd":null,"flags":"r","mode":438,"autoClose":true,"bytesRead":0}
*************** response log end ***************

[2017-05-01 22:14:48.724] [INFO] resLogger - 
*************** response log start ***************
request method: GET
request originalUrl: /
request client ip: ::1
request query: {}
response time:25
response status: 200
response body: 
"<!DOCTYPE html><html><head><title>不读会死</title><link rel=\"stylesheet\" href=\"/stylesheets/style.css\"><link rel=\"shortcut icon\" href=\" /favicon.ico\"></head><body><h1>不读会死</h1><p>Welcome to 不读会死</p></body></html>"
*************** response log end ***************

[2017-05-01 22:14:48.739] [INFO] resLogger - 
*************** response log start ***************
request method: GET
request originalUrl: /stylesheets/style.css
request client ip: ::1
request query: {}
response time:2
response status: 200
response body: 
{"_readableState":{"objectMode":false,"highWaterMark":65536,"buffer":{"head":null,"tail":null,"length":0},"length":0,"pipes":null,"pipesCount":0,"flowing":null,"ended":false,"endEmitted":false,"reading":false,"sync":true,"needReadable":false,"emittedReadable":false,"readableListening":false,"resumeScheduled":false,"defaultEncoding":"utf8","ranOut":false,"awaitDrain":0,"readingMore":false,"decoder":null,"encoding":null},"readable":true,"domain":null,"_events":{},"_eventsCount":2,"path":"D:\\buduhuisi\\server\\public\\stylesheets\\style.css","fd":null,"flags":"r","mode":438,"autoClose":true,"bytesRead":0}
*************** response log end ***************

[2017-05-01 22:14:55.281] [INFO] resLogger - 
*************** response log start ***************
request method: GET
request originalUrl: /
request client ip: ::1
request query: {}
response time:8
response status: 200
response body: 
"<!DOCTYPE html><html><head><title>不读会死</title><link rel=\"stylesheet\" href=\"/stylesheets/style.css\"><link rel=\"shortcut icon\" href=\" /favicon.ico\"></head><body><h1>不读会死</h1><p>Welcome to 不读会死</p></body></html>"
*************** response log end ***************

[2017-05-01 22:14:55.291] [INFO] resLogger - 
*************** response log start ***************
request method: GET
request originalUrl: /stylesheets/style.css
request client ip: ::1
request query: {}
response time:1
response status: 200
response body: 
{"_readableState":{"objectMode":false,"highWaterMark":65536,"buffer":{"head":null,"tail":null,"length":0},"length":0,"pipes":null,"pipesCount":0,"flowing":null,"ended":false,"endEmitted":false,"reading":false,"sync":true,"needReadable":false,"emittedReadable":false,"readableListening":false,"resumeScheduled":false,"defaultEncoding":"utf8","ranOut":false,"awaitDrain":0,"readingMore":false,"decoder":null,"encoding":null},"readable":true,"domain":null,"_events":{},"_eventsCount":2,"path":"D:\\buduhuisi\\server\\public\\stylesheets\\style.css","fd":null,"flags":"r","mode":438,"autoClose":true,"bytesRead":0}
*************** response log end ***************

[2017-05-01 22:14:56.044] [INFO] resLogger - 
*************** response log start ***************
request method: GET
request originalUrl: /
request client ip: ::1
request query: {}
response time:15
response status: 200
response body: 
"<!DOCTYPE html><html><head><title>不读会死</title><link rel=\"stylesheet\" href=\"/stylesheets/style.css\"><link rel=\"shortcut icon\" href=\" /favicon.ico\"></head><body><h1>不读会死</h1><p>Welcome to 不读会死</p></body></html>"
*************** response log end ***************

[2017-05-01 22:14:56.056] [INFO] resLogger - 
*************** response log start ***************
request method: GET
request originalUrl: /stylesheets/style.css
request client ip: ::1
request query: {}
response time:2
response status: 200
response body: 
{"_readableState":{"objectMode":false,"highWaterMark":65536,"buffer":{"head":null,"tail":null,"length":0},"length":0,"pipes":null,"pipesCount":0,"flowing":null,"ended":false,"endEmitted":false,"reading":false,"sync":true,"needReadable":false,"emittedReadable":false,"readableListening":false,"resumeScheduled":false,"defaultEncoding":"utf8","ranOut":false,"awaitDrain":0,"readingMore":false,"decoder":null,"encoding":null},"readable":true,"domain":null,"_events":{},"_eventsCount":2,"path":"D:\\buduhuisi\\server\\public\\stylesheets\\style.css","fd":null,"flags":"r","mode":438,"autoClose":true,"bytesRead":0}
*************** response log end ***************

[2017-05-01 22:14:56.441] [INFO] resLogger - 
*************** response log start ***************
request method: GET
request originalUrl: /
request client ip: ::1
request query: {}
response time:8
response status: 200
response body: 
"<!DOCTYPE html><html><head><title>不读会死</title><link rel=\"stylesheet\" href=\"/stylesheets/style.css\"><link rel=\"shortcut icon\" href=\" /favicon.ico\"></head><body><h1>不读会死</h1><p>Welcome to 不读会死</p></body></html>"
*************** response log end ***************

[2017-05-01 22:14:56.454] [INFO] resLogger - 
*************** response log start ***************
request method: GET
request originalUrl: /stylesheets/style.css
request client ip: ::1
request query: {}
response time:1
response status: 200
response body: 
{"_readableState":{"objectMode":false,"highWaterMark":65536,"buffer":{"head":null,"tail":null,"length":0},"length":0,"pipes":null,"pipesCount":0,"flowing":null,"ended":false,"endEmitted":false,"reading":false,"sync":true,"needReadable":false,"emittedReadable":false,"readableListening":false,"resumeScheduled":false,"defaultEncoding":"utf8","ranOut":false,"awaitDrain":0,"readingMore":false,"decoder":null,"encoding":null},"readable":true,"domain":null,"_events":{},"_eventsCount":2,"path":"D:\\buduhuisi\\server\\public\\stylesheets\\style.css","fd":null,"flags":"r","mode":438,"autoClose":true,"bytesRead":0}
*************** response log end ***************

[2017-05-01 22:14:56.645] [INFO] resLogger - 
*************** response log start ***************
request method: GET
request originalUrl: /
request client ip: ::1
request query: {}
response time:11
response status: 200
response body: 
"<!DOCTYPE html><html><head><title>不读会死</title><link rel=\"stylesheet\" href=\"/stylesheets/style.css\"><link rel=\"shortcut icon\" href=\" /favicon.ico\"></head><body><h1>不读会死</h1><p>Welcome to 不读会死</p></body></html>"
*************** response log end ***************

[2017-05-01 22:14:56.657] [INFO] resLogger - 
*************** response log start ***************
request method: GET
request originalUrl: /stylesheets/style.css
request client ip: ::1
request query: {}
response time:1
response status: 200
response body: 
{"_readableState":{"objectMode":false,"highWaterMark":65536,"buffer":{"head":null,"tail":null,"length":0},"length":0,"pipes":null,"pipesCount":0,"flowing":null,"ended":false,"endEmitted":false,"reading":false,"sync":true,"needReadable":false,"emittedReadable":false,"readableListening":false,"resumeScheduled":false,"defaultEncoding":"utf8","ranOut":false,"awaitDrain":0,"readingMore":false,"decoder":null,"encoding":null},"readable":true,"domain":null,"_events":{},"_eventsCount":2,"path":"D:\\buduhuisi\\server\\public\\stylesheets\\style.css","fd":null,"flags":"r","mode":438,"autoClose":true,"bytesRead":0}
*************** response log end ***************

[2017-05-01 22:14:56.811] [INFO] resLogger - 
*************** response log start ***************
request method: GET
request originalUrl: /
request client ip: ::1
request query: {}
response time:11
response status: 200
response body: 
"<!DOCTYPE html><html><head><title>不读会死</title><link rel=\"stylesheet\" href=\"/stylesheets/style.css\"><link rel=\"shortcut icon\" href=\" /favicon.ico\"></head><body><h1>不读会死</h1><p>Welcome to 不读会死</p></body></html>"
*************** response log end ***************

[2017-05-01 22:14:56.827] [INFO] resLogger - 
*************** response log start ***************
request method: GET
request originalUrl: /stylesheets/style.css
request client ip: ::1
request query: {}
response time:1
response status: 200
response body: 
{"_readableState":{"objectMode":false,"highWaterMark":65536,"buffer":{"head":null,"tail":null,"length":0},"length":0,"pipes":null,"pipesCount":0,"flowing":null,"ended":false,"endEmitted":false,"reading":false,"sync":true,"needReadable":false,"emittedReadable":false,"readableListening":false,"resumeScheduled":false,"defaultEncoding":"utf8","ranOut":false,"awaitDrain":0,"readingMore":false,"decoder":null,"encoding":null},"readable":true,"domain":null,"_events":{},"_eventsCount":2,"path":"D:\\buduhuisi\\server\\public\\stylesheets\\style.css","fd":null,"flags":"r","mode":438,"autoClose":true,"bytesRead":0}
*************** response log end ***************

[2017-05-01 22:14:56.963] [INFO] resLogger - 
*************** response log start ***************
request method: GET
request originalUrl: /
request client ip: ::1
request query: {}
response time:9
response status: 200
response body: 
"<!DOCTYPE html><html><head><title>不读会死</title><link rel=\"stylesheet\" href=\"/stylesheets/style.css\"><link rel=\"shortcut icon\" href=\" /favicon.ico\"></head><body><h1>不读会死</h1><p>Welcome to 不读会死</p></body></html>"
*************** response log end ***************

[2017-05-01 22:14:56.977] [INFO] resLogger - 
*************** response log start ***************
request method: GET
request originalUrl: /stylesheets/style.css
request client ip: ::1
request query: {}
response time:2
response status: 200
response body: 
{"_readableState":{"objectMode":false,"highWaterMark":65536,"buffer":{"head":null,"tail":null,"length":0},"length":0,"pipes":null,"pipesCount":0,"flowing":null,"ended":false,"endEmitted":false,"reading":false,"sync":true,"needReadable":false,"emittedReadable":false,"readableListening":false,"resumeScheduled":false,"defaultEncoding":"utf8","ranOut":false,"awaitDrain":0,"readingMore":false,"decoder":null,"encoding":null},"readable":true,"domain":null,"_events":{},"_eventsCount":2,"path":"D:\\buduhuisi\\server\\public\\stylesheets\\style.css","fd":null,"flags":"r","mode":438,"autoClose":true,"bytesRead":0}
*************** response log end ***************

[2017-05-01 22:14:57.134] [INFO] resLogger - 
*************** response log start ***************
request method: GET
request originalUrl: /
request client ip: ::1
request query: {}
response time:17
response status: 200
response body: 
"<!DOCTYPE html><html><head><title>不读会死</title><link rel=\"stylesheet\" href=\"/stylesheets/style.css\"><link rel=\"shortcut icon\" href=\" /favicon.ico\"></head><body><h1>不读会死</h1><p>Welcome to 不读会死</p></body></html>"
*************** response log end ***************

[2017-05-01 22:14:57.148] [INFO] resLogger - 
*************** response log start ***************
request method: GET
request originalUrl: /stylesheets/style.css
request client ip: ::1
request query: {}
response time:1
response status: 200
response body: 
{"_readableState":{"objectMode":false,"highWaterMark":65536,"buffer":{"head":null,"tail":null,"length":0},"length":0,"pipes":null,"pipesCount":0,"flowing":null,"ended":false,"endEmitted":false,"reading":false,"sync":true,"needReadable":false,"emittedReadable":false,"readableListening":false,"resumeScheduled":false,"defaultEncoding":"utf8","ranOut":false,"awaitDrain":0,"readingMore":false,"decoder":null,"encoding":null},"readable":true,"domain":null,"_events":{},"_eventsCount":2,"path":"D:\\buduhuisi\\server\\public\\stylesheets\\style.css","fd":null,"flags":"r","mode":438,"autoClose":true,"bytesRead":0}
*************** response log end ***************

[2017-05-01 22:15:24.198] [INFO] resLogger - 
*************** response log start ***************
request method: GET
request originalUrl: /
request client ip: ::1
request query: {}
response time:727
response status: 200
response body: 
"<!DOCTYPE html><html><head><title>不读会死</title><link rel=\"stylesheet\" href=\"/stylesheets/style.css\"><link rel=\"shortcut icon\" href=\" /favicon.ico\"></head><body><h1>不读会死</h1><p>Welcome to 不读会死</p></body></html>"
*************** response log end ***************

[2017-05-01 22:15:24.211] [INFO] resLogger - 
*************** response log start ***************
request method: GET
request originalUrl: /stylesheets/style.css
request client ip: ::1
request query: {}
response time:2
response status: 200
response body: 
{"_readableState":{"objectMode":false,"highWaterMark":65536,"buffer":{"head":null,"tail":null,"length":0},"length":0,"pipes":null,"pipesCount":0,"flowing":null,"ended":false,"endEmitted":false,"reading":false,"sync":true,"needReadable":false,"emittedReadable":false,"readableListening":false,"resumeScheduled":false,"defaultEncoding":"utf8","ranOut":false,"awaitDrain":0,"readingMore":false,"decoder":null,"encoding":null},"readable":true,"domain":null,"_events":{},"_eventsCount":2,"path":"D:\\buduhuisi\\server\\public\\stylesheets\\style.css","fd":null,"flags":"r","mode":438,"autoClose":true,"bytesRead":0}
*************** response log end ***************

[2017-05-01 22:15:26.317] [INFO] resLogger - 
*************** response log start ***************
request method: GET
request originalUrl: /
request client ip: ::1
request query: {}
response time:37
response status: 200
response body: 
"<!DOCTYPE html><html><head><title>不读会死</title><link rel=\"stylesheet\" href=\"/stylesheets/style.css\"><link rel=\"shortcut icon\" href=\" /favicon.ico\"></head><body><h1>不读会死</h1><p>Welcome to 不读会死</p></body></html>"
*************** response log end ***************

[2017-05-01 22:15:26.331] [INFO] resLogger - 
*************** response log start ***************
request method: GET
request originalUrl: /stylesheets/style.css
request client ip: ::1
request query: {}
response time:1
response status: 200
response body: 
{"_readableState":{"objectMode":false,"highWaterMark":65536,"buffer":{"head":null,"tail":null,"length":0},"length":0,"pipes":null,"pipesCount":0,"flowing":null,"ended":false,"endEmitted":false,"reading":false,"sync":true,"needReadable":false,"emittedReadable":false,"readableListening":false,"resumeScheduled":false,"defaultEncoding":"utf8","ranOut":false,"awaitDrain":0,"readingMore":false,"decoder":null,"encoding":null},"readable":true,"domain":null,"_events":{},"_eventsCount":2,"path":"D:\\buduhuisi\\server\\public\\stylesheets\\style.css","fd":null,"flags":"r","mode":438,"autoClose":true,"bytesRead":0}
*************** response log end ***************

[2017-05-01 22:15:39.414] [INFO] resLogger - 
*************** response log start ***************
request method: GET
request originalUrl: /
request client ip: ::1
request query: {}
response time:52
response status: 200
response body: 
"<!DOCTYPE html><html><head><title>不读会死</title><link rel=\"stylesheet\" href=\"/stylesheets/style.css\"><link rel=\"shortcut icon\" href=\"/favicon.ico\"></head><body><h1>不读会死</h1><p>Welcome to 不读会死</p></body></html>"
*************** response log end ***************

[2017-05-01 22:15:39.435] [INFO] resLogger - 
*************** response log start ***************
request method: GET
request originalUrl: /stylesheets/style.css
request client ip: ::1
request query: {}
response time:11
response status: 200
response body: 
{"_readableState":{"objectMode":false,"highWaterMark":65536,"buffer":{"head":null,"tail":null,"length":0},"length":0,"pipes":null,"pipesCount":0,"flowing":null,"ended":false,"endEmitted":false,"reading":false,"sync":true,"needReadable":false,"emittedReadable":false,"readableListening":false,"resumeScheduled":false,"defaultEncoding":"utf8","ranOut":false,"awaitDrain":0,"readingMore":false,"decoder":null,"encoding":null},"readable":true,"domain":null,"_events":{},"_eventsCount":2,"path":"D:\\buduhuisi\\server\\public\\stylesheets\\style.css","fd":null,"flags":"r","mode":438,"autoClose":true,"bytesRead":0}
*************** response log end ***************

[2017-05-01 22:15:41.211] [INFO] resLogger - 
*************** response log start ***************
request method: GET
request originalUrl: /
request client ip: ::1
request query: {}
response time:30
response status: 200
response body: 
"<!DOCTYPE html><html><head><title>不读会死</title><link rel=\"stylesheet\" href=\"/stylesheets/style.css\"><link rel=\"shortcut icon\" href=\"/favicon.ico\"></head><body><h1>不读会死</h1><p>Welcome to 不读会死</p></body></html>"
*************** response log end ***************

[2017-05-01 22:15:41.224] [INFO] resLogger - 
*************** response log start ***************
request method: GET
request originalUrl: /stylesheets/style.css
request client ip: ::1
request query: {}
response time:3
response status: 200
response body: 
{"_readableState":{"objectMode":false,"highWaterMark":65536,"buffer":{"head":null,"tail":null,"length":0},"length":0,"pipes":null,"pipesCount":0,"flowing":null,"ended":false,"endEmitted":false,"reading":false,"sync":true,"needReadable":false,"emittedReadable":false,"readableListening":false,"resumeScheduled":false,"defaultEncoding":"utf8","ranOut":false,"awaitDrain":0,"readingMore":false,"decoder":null,"encoding":null},"readable":true,"domain":null,"_events":{},"_eventsCount":2,"path":"D:\\buduhuisi\\server\\public\\stylesheets\\style.css","fd":null,"flags":"r","mode":438,"autoClose":true,"bytesRead":0}
*************** response log end ***************

[2017-05-01 22:15:44.922] [INFO] resLogger - 
*************** response log start ***************
request method: GET
request originalUrl: /favicon.ico
request client ip: ::1
request query: {}
response time:5
response status: 404
response body: 
undefined
*************** response log end ***************

[2017-05-01 22:16:22.859] [INFO] resLogger - 
*************** response log start ***************
request method: GET
request originalUrl: /
request client ip: ::1
request query: {}
response time:36
response status: 200
response body: 
"<!DOCTYPE html><html><head><title>不读会死</title><link rel=\"stylesheet\" href=\"/stylesheets/style.css\"><link rel=\"shortcut icon\" href=\"/favicon.ico\"></head><body><h1>不读会死</h1><p>Welcome to 不读会死</p></body></html>"
*************** response log end ***************

[2017-05-01 22:16:22.870] [INFO] resLogger - 
*************** response log start ***************
request method: GET
request originalUrl: /stylesheets/style.css
request client ip: ::1
request query: {}
response time:1
response status: 200
response body: 
{"_readableState":{"objectMode":false,"highWaterMark":65536,"buffer":{"head":null,"tail":null,"length":0},"length":0,"pipes":null,"pipesCount":0,"flowing":null,"ended":false,"endEmitted":false,"reading":false,"sync":true,"needReadable":false,"emittedReadable":false,"readableListening":false,"resumeScheduled":false,"defaultEncoding":"utf8","ranOut":false,"awaitDrain":0,"readingMore":false,"decoder":null,"encoding":null},"readable":true,"domain":null,"_events":{},"_eventsCount":2,"path":"D:\\buduhuisi\\server\\public\\stylesheets\\style.css","fd":null,"flags":"r","mode":438,"autoClose":true,"bytesRead":0}
*************** response log end ***************

[2017-05-01 22:16:24.006] [INFO] resLogger - 
*************** response log start ***************
request method: GET
request originalUrl: /
request client ip: ::1
request query: {}
response time:21
response status: 200
response body: 
"<!DOCTYPE html><html><head><title>不读会死</title><link rel=\"stylesheet\" href=\"/stylesheets/style.css\"><link rel=\"shortcut icon\" href=\"/favicon.ico\"></head><body><h1>不读会死</h1><p>Welcome to 不读会死</p></body></html>"
*************** response log end ***************

[2017-05-01 22:16:24.016] [INFO] resLogger - 
*************** response log start ***************
request method: GET
request originalUrl: /stylesheets/style.css
request client ip: ::1
request query: {}
response time:2
response status: 200
response body: 
{"_readableState":{"objectMode":false,"highWaterMark":65536,"buffer":{"head":null,"tail":null,"length":0},"length":0,"pipes":null,"pipesCount":0,"flowing":null,"ended":false,"endEmitted":false,"reading":false,"sync":true,"needReadable":false,"emittedReadable":false,"readableListening":false,"resumeScheduled":false,"defaultEncoding":"utf8","ranOut":false,"awaitDrain":0,"readingMore":false,"decoder":null,"encoding":null},"readable":true,"domain":null,"_events":{},"_eventsCount":2,"path":"D:\\buduhuisi\\server\\public\\stylesheets\\style.css","fd":null,"flags":"r","mode":438,"autoClose":true,"bytesRead":0}
*************** response log end ***************

[2017-05-01 22:16:24.259] [INFO] resLogger - 
*************** response log start ***************
request method: GET
request originalUrl: /
request client ip: ::1
request query: {}
response time:21
response status: 200
response body: 
"<!DOCTYPE html><html><head><title>不读会死</title><link rel=\"stylesheet\" href=\"/stylesheets/style.css\"><link rel=\"shortcut icon\" href=\"/favicon.ico\"></head><body><h1>不读会死</h1><p>Welcome to 不读会死</p></body></html>"
*************** response log end ***************

[2017-05-01 22:16:24.270] [INFO] resLogger - 
*************** response log start ***************
request method: GET
request originalUrl: /stylesheets/style.css
request client ip: ::1
request query: {}
response time:1
response status: 200
response body: 
{"_readableState":{"objectMode":false,"highWaterMark":65536,"buffer":{"head":null,"tail":null,"length":0},"length":0,"pipes":null,"pipesCount":0,"flowing":null,"ended":false,"endEmitted":false,"reading":false,"sync":true,"needReadable":false,"emittedReadable":false,"readableListening":false,"resumeScheduled":false,"defaultEncoding":"utf8","ranOut":false,"awaitDrain":0,"readingMore":false,"decoder":null,"encoding":null},"readable":true,"domain":null,"_events":{},"_eventsCount":2,"path":"D:\\buduhuisi\\server\\public\\stylesheets\\style.css","fd":null,"flags":"r","mode":438,"autoClose":true,"bytesRead":0}
*************** response log end ***************

[2017-05-01 22:16:24.474] [INFO] resLogger - 
*************** response log start ***************
request method: GET
request originalUrl: /
request client ip: ::1
request query: {}
response time:16
response status: 200
response body: 
"<!DOCTYPE html><html><head><title>不读会死</title><link rel=\"stylesheet\" href=\"/stylesheets/style.css\"><link rel=\"shortcut icon\" href=\"/favicon.ico\"></head><body><h1>不读会死</h1><p>Welcome to 不读会死</p></body></html>"
*************** response log end ***************

[2017-05-01 22:16:24.491] [INFO] resLogger - 
*************** response log start ***************
request method: GET
request originalUrl: /stylesheets/style.css
request client ip: ::1
request query: {}
response time:2
response status: 200
response body: 
{"_readableState":{"objectMode":false,"highWaterMark":65536,"buffer":{"head":null,"tail":null,"length":0},"length":0,"pipes":null,"pipesCount":0,"flowing":null,"ended":false,"endEmitted":false,"reading":false,"sync":true,"needReadable":false,"emittedReadable":false,"readableListening":false,"resumeScheduled":false,"defaultEncoding":"utf8","ranOut":false,"awaitDrain":0,"readingMore":false,"decoder":null,"encoding":null},"readable":true,"domain":null,"_events":{},"_eventsCount":2,"path":"D:\\buduhuisi\\server\\public\\stylesheets\\style.css","fd":null,"flags":"r","mode":438,"autoClose":true,"bytesRead":0}
*************** response log end ***************

[2017-05-01 22:16:24.992] [INFO] resLogger - 
*************** response log start ***************
request method: GET
request originalUrl: /
request client ip: ::1
request query: {}
response time:7
response status: 200
response body: 
"<!DOCTYPE html><html><head><title>不读会死</title><link rel=\"stylesheet\" href=\"/stylesheets/style.css\"><link rel=\"shortcut icon\" href=\"/favicon.ico\"></head><body><h1>不读会死</h1><p>Welcome to 不读会死</p></body></html>"
*************** response log end ***************

[2017-05-01 22:16:25.003] [INFO] resLogger - 
*************** response log start ***************
request method: GET
request originalUrl: /stylesheets/style.css
request client ip: ::1
request query: {}
response time:1
response status: 200
response body: 
{"_readableState":{"objectMode":false,"highWaterMark":65536,"buffer":{"head":null,"tail":null,"length":0},"length":0,"pipes":null,"pipesCount":0,"flowing":null,"ended":false,"endEmitted":false,"reading":false,"sync":true,"needReadable":false,"emittedReadable":false,"readableListening":false,"resumeScheduled":false,"defaultEncoding":"utf8","ranOut":false,"awaitDrain":0,"readingMore":false,"decoder":null,"encoding":null},"readable":true,"domain":null,"_events":{},"_eventsCount":2,"path":"D:\\buduhuisi\\server\\public\\stylesheets\\style.css","fd":null,"flags":"r","mode":438,"autoClose":true,"bytesRead":0}
*************** response log end ***************

[2017-05-01 22:16:27.459] [INFO] resLogger - 
*************** response log start ***************
request method: GET
request originalUrl: /favicon.ico
request client ip: ::1
request query: {}
response time:1
response status: 200
response body: 
{"_readableState":{"objectMode":false,"highWaterMark":65536,"buffer":{"head":null,"tail":null,"length":0},"length":0,"pipes":null,"pipesCount":0,"flowing":null,"ended":false,"endEmitted":false,"reading":false,"sync":true,"needReadable":false,"emittedReadable":false,"readableListening":false,"resumeScheduled":false,"defaultEncoding":"utf8","ranOut":false,"awaitDrain":0,"readingMore":false,"decoder":null,"encoding":null},"readable":true,"domain":null,"_events":{},"_eventsCount":2,"path":"D:\\buduhuisi\\server\\public\\favicon.ico","fd":null,"flags":"r","mode":438,"autoClose":true,"bytesRead":0}
*************** response log end ***************

[2017-05-01 22:16:33.607] [INFO] resLogger - 
*************** response log start ***************
request method: GET
request originalUrl: /
request client ip: ::1
request query: {}
response time:7
response status: 200
response body: 
"<!DOCTYPE html><html><head><title>不读会死</title><link rel=\"stylesheet\" href=\"/stylesheets/style.css\"><link rel=\"shortcut icon\" href=\"/favicon.ico\"></head><body><h1>不读会死</h1><p>Welcome to 不读会死</p></body></html>"
*************** response log end ***************

[2017-05-01 22:16:33.617] [INFO] resLogger - 
*************** response log start ***************
request method: GET
request originalUrl: /stylesheets/style.css
request client ip: ::1
request query: {}
response time:1
response status: 200
response body: 
{"_readableState":{"objectMode":false,"highWaterMark":65536,"buffer":{"head":null,"tail":null,"length":0},"length":0,"pipes":null,"pipesCount":0,"flowing":null,"ended":false,"endEmitted":false,"reading":false,"sync":true,"needReadable":false,"emittedReadable":false,"readableListening":false,"resumeScheduled":false,"defaultEncoding":"utf8","ranOut":false,"awaitDrain":0,"readingMore":false,"decoder":null,"encoding":null},"readable":true,"domain":null,"_events":{},"_eventsCount":2,"path":"D:\\buduhuisi\\server\\public\\stylesheets\\style.css","fd":null,"flags":"r","mode":438,"autoClose":true,"bytesRead":0}
*************** response log end ***************

[2017-05-01 22:16:34.180] [INFO] resLogger - 
*************** response log start ***************
request method: GET
request originalUrl: /
request client ip: ::1
request query: {}
response time:14
response status: 200
response body: 
"<!DOCTYPE html><html><head><title>不读会死</title><link rel=\"stylesheet\" href=\"/stylesheets/style.css\"><link rel=\"shortcut icon\" href=\"/favicon.ico\"></head><body><h1>不读会死</h1><p>Welcome to 不读会死</p></body></html>"
*************** response log end ***************

[2017-05-01 22:16:34.190] [INFO] resLogger - 
*************** response log start ***************
request method: GET
request originalUrl: /stylesheets/style.css
request client ip: ::1
request query: {}
response time:2
response status: 200
response body: 
{"_readableState":{"objectMode":false,"highWaterMark":65536,"buffer":{"head":null,"tail":null,"length":0},"length":0,"pipes":null,"pipesCount":0,"flowing":null,"ended":false,"endEmitted":false,"reading":false,"sync":true,"needReadable":false,"emittedReadable":false,"readableListening":false,"resumeScheduled":false,"defaultEncoding":"utf8","ranOut":false,"awaitDrain":0,"readingMore":false,"decoder":null,"encoding":null},"readable":true,"domain":null,"_events":{},"_eventsCount":2,"path":"D:\\buduhuisi\\server\\public\\stylesheets\\style.css","fd":null,"flags":"r","mode":438,"autoClose":true,"bytesRead":0}
*************** response log end ***************

[2017-05-01 22:16:34.524] [INFO] resLogger - 
*************** response log start ***************
request method: GET
request originalUrl: /
request client ip: ::1
request query: {}
response time:5
response status: 200
response body: 
"<!DOCTYPE html><html><head><title>不读会死</title><link rel=\"stylesheet\" href=\"/stylesheets/style.css\"><link rel=\"shortcut icon\" href=\"/favicon.ico\"></head><body><h1>不读会死</h1><p>Welcome to 不读会死</p></body></html>"
*************** response log end ***************

[2017-05-01 22:16:34.539] [INFO] resLogger - 
*************** response log start ***************
request method: GET
request originalUrl: /stylesheets/style.css
request client ip: ::1
request query: {}
response time:1
response status: 200
response body: 
{"_readableState":{"objectMode":false,"highWaterMark":65536,"buffer":{"head":null,"tail":null,"length":0},"length":0,"pipes":null,"pipesCount":0,"flowing":null,"ended":false,"endEmitted":false,"reading":false,"sync":true,"needReadable":false,"emittedReadable":false,"readableListening":false,"resumeScheduled":false,"defaultEncoding":"utf8","ranOut":false,"awaitDrain":0,"readingMore":false,"decoder":null,"encoding":null},"readable":true,"domain":null,"_events":{},"_eventsCount":2,"path":"D:\\buduhuisi\\server\\public\\stylesheets\\style.css","fd":null,"flags":"r","mode":438,"autoClose":true,"bytesRead":0}
*************** response log end ***************

[2017-05-01 22:16:34.701] [INFO] resLogger - 
*************** response log start ***************
request method: GET
request originalUrl: /
request client ip: ::1
request query: {}
response time:5
response status: 200
response body: 
"<!DOCTYPE html><html><head><title>不读会死</title><link rel=\"stylesheet\" href=\"/stylesheets/style.css\"><link rel=\"shortcut icon\" href=\"/favicon.ico\"></head><body><h1>不读会死</h1><p>Welcome to 不读会死</p></body></html>"
*************** response log end ***************

[2017-05-01 22:16:34.711] [INFO] resLogger - 
*************** response log start ***************
request method: GET
request originalUrl: /stylesheets/style.css
request client ip: ::1
request query: {}
response time:1
response status: 200
response body: 
{"_readableState":{"objectMode":false,"highWaterMark":65536,"buffer":{"head":null,"tail":null,"length":0},"length":0,"pipes":null,"pipesCount":0,"flowing":null,"ended":false,"endEmitted":false,"reading":false,"sync":true,"needReadable":false,"emittedReadable":false,"readableListening":false,"resumeScheduled":false,"defaultEncoding":"utf8","ranOut":false,"awaitDrain":0,"readingMore":false,"decoder":null,"encoding":null},"readable":true,"domain":null,"_events":{},"_eventsCount":2,"path":"D:\\buduhuisi\\server\\public\\stylesheets\\style.css","fd":null,"flags":"r","mode":438,"autoClose":true,"bytesRead":0}
*************** response log end ***************

[2017-05-01 22:16:34.853] [INFO] resLogger - 
*************** response log start ***************
request method: GET
request originalUrl: /
request client ip: ::1
request query: {}
response time:5
response status: 200
response body: 
"<!DOCTYPE html><html><head><title>不读会死</title><link rel=\"stylesheet\" href=\"/stylesheets/style.css\"><link rel=\"shortcut icon\" href=\"/favicon.ico\"></head><body><h1>不读会死</h1><p>Welcome to 不读会死</p></body></html>"
*************** response log end ***************

[2017-05-01 22:16:34.864] [INFO] resLogger - 
*************** response log start ***************
request method: GET
request originalUrl: /stylesheets/style.css
request client ip: ::1
request query: {}
response time:3
response status: 200
response body: 
{"_readableState":{"objectMode":false,"highWaterMark":65536,"buffer":{"head":null,"tail":null,"length":0},"length":0,"pipes":null,"pipesCount":0,"flowing":null,"ended":false,"endEmitted":false,"reading":false,"sync":true,"needReadable":false,"emittedReadable":false,"readableListening":false,"resumeScheduled":false,"defaultEncoding":"utf8","ranOut":false,"awaitDrain":0,"readingMore":false,"decoder":null,"encoding":null},"readable":true,"domain":null,"_events":{},"_eventsCount":2,"path":"D:\\buduhuisi\\server\\public\\stylesheets\\style.css","fd":null,"flags":"r","mode":438,"autoClose":true,"bytesRead":0}
*************** response log end ***************

[2017-05-01 22:16:35.006] [INFO] resLogger - 
*************** response log start ***************
request method: GET
request originalUrl: /
request client ip: ::1
request query: {}
response time:5
response status: 200
response body: 
"<!DOCTYPE html><html><head><title>不读会死</title><link rel=\"stylesheet\" href=\"/stylesheets/style.css\"><link rel=\"shortcut icon\" href=\"/favicon.ico\"></head><body><h1>不读会死</h1><p>Welcome to 不读会死</p></body></html>"
*************** response log end ***************

[2017-05-01 22:16:35.016] [INFO] resLogger - 
*************** response log start ***************
request method: GET
request originalUrl: /stylesheets/style.css
request client ip: ::1
request query: {}
response time:1
response status: 200
response body: 
{"_readableState":{"objectMode":false,"highWaterMark":65536,"buffer":{"head":null,"tail":null,"length":0},"length":0,"pipes":null,"pipesCount":0,"flowing":null,"ended":false,"endEmitted":false,"reading":false,"sync":true,"needReadable":false,"emittedReadable":false,"readableListening":false,"resumeScheduled":false,"defaultEncoding":"utf8","ranOut":false,"awaitDrain":0,"readingMore":false,"decoder":null,"encoding":null},"readable":true,"domain":null,"_events":{},"_eventsCount":2,"path":"D:\\buduhuisi\\server\\public\\stylesheets\\style.css","fd":null,"flags":"r","mode":438,"autoClose":true,"bytesRead":0}
*************** response log end ***************

[2017-05-01 22:16:54.025] [INFO] resLogger - 
*************** response log start ***************
request method: GET
request originalUrl: /
request client ip: ::1
request query: {}
response time:284
response status: 200
response body: 
"<!DOCTYPE html><html><head><title>不读会死</title><link rel=\"stylesheet\" href=\"/stylesheets/style.css\"><link rel=\"shortcut icon\" href=\"/favicon.ico\"></head><body><h1>不读会死</h1><p>Welcome to 不读会死</p></body></html>"
*************** response log end ***************

[2017-05-01 22:16:54.043] [INFO] resLogger - 
*************** response log start ***************
request method: GET
request originalUrl: /stylesheets/style.css
request client ip: ::1
request query: {}
response time:2
response status: 200
response body: 
{"_readableState":{"objectMode":false,"highWaterMark":65536,"buffer":{"head":null,"tail":null,"length":0},"length":0,"pipes":null,"pipesCount":0,"flowing":null,"ended":false,"endEmitted":false,"reading":false,"sync":true,"needReadable":false,"emittedReadable":false,"readableListening":false,"resumeScheduled":false,"defaultEncoding":"utf8","ranOut":false,"awaitDrain":0,"readingMore":false,"decoder":null,"encoding":null},"readable":true,"domain":null,"_events":{},"_eventsCount":2,"path":"D:\\buduhuisi\\server\\public\\stylesheets\\style.css","fd":null,"flags":"r","mode":438,"autoClose":true,"bytesRead":0}
*************** response log end ***************

[2017-05-01 22:16:56.739] [INFO] resLogger - 
*************** response log start ***************
request method: GET
request originalUrl: /stylesheets/style.css
request client ip: ::1
request query: {}
response time:1
response status: 200
response body: 
{"_readableState":{"objectMode":false,"highWaterMark":65536,"buffer":{"head":null,"tail":null,"length":0},"length":0,"pipes":null,"pipesCount":0,"flowing":null,"ended":false,"endEmitted":false,"reading":false,"sync":true,"needReadable":false,"emittedReadable":false,"readableListening":false,"resumeScheduled":false,"defaultEncoding":"utf8","ranOut":false,"awaitDrain":0,"readingMore":false,"decoder":null,"encoding":null},"readable":true,"domain":null,"_events":{},"_eventsCount":2,"path":"D:\\buduhuisi\\server\\public\\stylesheets\\style.css","fd":null,"flags":"r","mode":438,"autoClose":true,"bytesRead":0}
*************** response log end ***************

[2017-05-01 22:17:00.034] [INFO] resLogger - 
*************** response log start ***************
request method: GET
request originalUrl: /
request client ip: ::1
request query: {}
response time:27
response status: 200
response body: 
"<!DOCTYPE html><html><head><title>不读会死</title><link rel=\"stylesheet\" href=\"/stylesheets/style.css\"><link rel=\"shortcut icon\" href=\"/favicon.ico\"></head><body><h1>不读会死</h1><p>Welcome to 不读会死</p></body></html>"
*************** response log end ***************

[2017-05-01 22:17:00.043] [INFO] resLogger - 
*************** response log start ***************
request method: GET
request originalUrl: /stylesheets/style.css
request client ip: ::1
request query: {}
response time:1
response status: 200
response body: 
{"_readableState":{"objectMode":false,"highWaterMark":65536,"buffer":{"head":null,"tail":null,"length":0},"length":0,"pipes":null,"pipesCount":0,"flowing":null,"ended":false,"endEmitted":false,"reading":false,"sync":true,"needReadable":false,"emittedReadable":false,"readableListening":false,"resumeScheduled":false,"defaultEncoding":"utf8","ranOut":false,"awaitDrain":0,"readingMore":false,"decoder":null,"encoding":null},"readable":true,"domain":null,"_events":{},"_eventsCount":2,"path":"D:\\buduhuisi\\server\\public\\stylesheets\\style.css","fd":null,"flags":"r","mode":438,"autoClose":true,"bytesRead":0}
*************** response log end ***************

[2017-05-01 22:17:16.675] [INFO] resLogger - 
*************** response log start ***************
request method: GET
request originalUrl: /
request client ip: ::1
request query: {}
response time:54
response status: 200
response body: 
"<!DOCTYPE html><html><head><title>不读会死</title><link rel=\"stylesheet\" href=\"/stylesheets/style.css\"><link rel=\"shortcut icon\" href=\"/favicon.ico\"></head><body><h1>不读会死</h1><p>Welcome to 不读会死</p></body></html>"
*************** response log end ***************

[2017-05-01 22:17:16.704] [INFO] resLogger - 
*************** response log start ***************
request method: GET
request originalUrl: /stylesheets/style.css
request client ip: ::1
request query: {}
response time:20
response status: 200
response body: 
{"_readableState":{"objectMode":false,"highWaterMark":65536,"buffer":{"head":null,"tail":null,"length":0},"length":0,"pipes":null,"pipesCount":0,"flowing":null,"ended":false,"endEmitted":false,"reading":false,"sync":true,"needReadable":false,"emittedReadable":false,"readableListening":false,"resumeScheduled":false,"defaultEncoding":"utf8","ranOut":false,"awaitDrain":0,"readingMore":false,"decoder":null,"encoding":null},"readable":true,"domain":null,"_events":{},"_eventsCount":2,"path":"D:\\buduhuisi\\server\\public\\stylesheets\\style.css","fd":null,"flags":"r","mode":438,"autoClose":true,"bytesRead":0}
*************** response log end ***************

[2017-05-01 22:17:18.853] [INFO] resLogger - 
*************** response log start ***************
request method: GET
request originalUrl: /
request client ip: ::1
request query: {}
response time:53
response status: 200
response body: 
"<!DOCTYPE html><html><head><title>不读会死</title><link rel=\"stylesheet\" href=\"/stylesheets/style.css\"><link rel=\"shortcut icon\" href=\"/favicon.ico\"></head><body><h1>不读会死</h1><p>Welcome to 不读会死</p></body></html>"
*************** response log end ***************

[2017-05-01 22:17:18.880] [INFO] resLogger - 
*************** response log start ***************
request method: GET
request originalUrl: /stylesheets/style.css
request client ip: ::1
request query: {}
response time:14
response status: 200
response body: 
{"_readableState":{"objectMode":false,"highWaterMark":65536,"buffer":{"head":null,"tail":null,"length":0},"length":0,"pipes":null,"pipesCount":0,"flowing":null,"ended":false,"endEmitted":false,"reading":false,"sync":true,"needReadable":false,"emittedReadable":false,"readableListening":false,"resumeScheduled":false,"defaultEncoding":"utf8","ranOut":false,"awaitDrain":0,"readingMore":false,"decoder":null,"encoding":null},"readable":true,"domain":null,"_events":{},"_eventsCount":2,"path":"D:\\buduhuisi\\server\\public\\stylesheets\\style.css","fd":null,"flags":"r","mode":438,"autoClose":true,"bytesRead":0}
*************** response log end ***************

[2017-05-01 22:17:19.353] [INFO] resLogger - 
*************** response log start ***************
request method: GET
request originalUrl: /
request client ip: ::1
request query: {}
response time:40
response status: 200
response body: 
"<!DOCTYPE html><html><head><title>不读会死</title><link rel=\"stylesheet\" href=\"/stylesheets/style.css\"><link rel=\"shortcut icon\" href=\"/favicon.ico\"></head><body><h1>不读会死</h1><p>Welcome to 不读会死</p></body></html>"
*************** response log end ***************

[2017-05-01 22:17:19.363] [INFO] resLogger - 
*************** response log start ***************
request method: GET
request originalUrl: /stylesheets/style.css
request client ip: ::1
request query: {}
response time:0
response status: 200
response body: 
{"_readableState":{"objectMode":false,"highWaterMark":65536,"buffer":{"head":null,"tail":null,"length":0},"length":0,"pipes":null,"pipesCount":0,"flowing":null,"ended":false,"endEmitted":false,"reading":false,"sync":true,"needReadable":false,"emittedReadable":false,"readableListening":false,"resumeScheduled":false,"defaultEncoding":"utf8","ranOut":false,"awaitDrain":0,"readingMore":false,"decoder":null,"encoding":null},"readable":true,"domain":null,"_events":{},"_eventsCount":2,"path":"D:\\buduhuisi\\server\\public\\stylesheets\\style.css","fd":null,"flags":"r","mode":438,"autoClose":true,"bytesRead":0}
*************** response log end ***************

[2017-05-01 22:17:19.568] [INFO] resLogger - 
*************** response log start ***************
request method: GET
request originalUrl: /
request client ip: ::1
request query: {}
response time:41
response status: 200
response body: 
"<!DOCTYPE html><html><head><title>不读会死</title><link rel=\"stylesheet\" href=\"/stylesheets/style.css\"><link rel=\"shortcut icon\" href=\"/favicon.ico\"></head><body><h1>不读会死</h1><p>Welcome to 不读会死</p></body></html>"
*************** response log end ***************

[2017-05-01 22:17:19.578] [INFO] resLogger - 
*************** response log start ***************
request method: GET
request originalUrl: /stylesheets/style.css
request client ip: ::1
request query: {}
response time:1
response status: 200
response body: 
{"_readableState":{"objectMode":false,"highWaterMark":65536,"buffer":{"head":null,"tail":null,"length":0},"length":0,"pipes":null,"pipesCount":0,"flowing":null,"ended":false,"endEmitted":false,"reading":false,"sync":true,"needReadable":false,"emittedReadable":false,"readableListening":false,"resumeScheduled":false,"defaultEncoding":"utf8","ranOut":false,"awaitDrain":0,"readingMore":false,"decoder":null,"encoding":null},"readable":true,"domain":null,"_events":{},"_eventsCount":2,"path":"D:\\buduhuisi\\server\\public\\stylesheets\\style.css","fd":null,"flags":"r","mode":438,"autoClose":true,"bytesRead":0}
*************** response log end ***************

[2017-05-01 22:17:19.736] [INFO] resLogger - 
*************** response log start ***************
request method: GET
request originalUrl: /
request client ip: ::1
request query: {}
response time:23
response status: 200
response body: 
"<!DOCTYPE html><html><head><title>不读会死</title><link rel=\"stylesheet\" href=\"/stylesheets/style.css\"><link rel=\"shortcut icon\" href=\"/favicon.ico\"></head><body><h1>不读会死</h1><p>Welcome to 不读会死</p></body></html>"
*************** response log end ***************

[2017-05-01 22:17:19.751] [INFO] resLogger - 
*************** response log start ***************
request method: GET
request originalUrl: /stylesheets/style.css
request client ip: ::1
request query: {}
response time:0
response status: 200
response body: 
{"_readableState":{"objectMode":false,"highWaterMark":65536,"buffer":{"head":null,"tail":null,"length":0},"length":0,"pipes":null,"pipesCount":0,"flowing":null,"ended":false,"endEmitted":false,"reading":false,"sync":true,"needReadable":false,"emittedReadable":false,"readableListening":false,"resumeScheduled":false,"defaultEncoding":"utf8","ranOut":false,"awaitDrain":0,"readingMore":false,"decoder":null,"encoding":null},"readable":true,"domain":null,"_events":{},"_eventsCount":2,"path":"D:\\buduhuisi\\server\\public\\stylesheets\\style.css","fd":null,"flags":"r","mode":438,"autoClose":true,"bytesRead":0}
*************** response log end ***************

[2017-05-01 22:17:19.888] [INFO] resLogger - 
*************** response log start ***************
request method: GET
request originalUrl: /
request client ip: ::1
request query: {}
response time:12
response status: 200
response body: 
"<!DOCTYPE html><html><head><title>不读会死</title><link rel=\"stylesheet\" href=\"/stylesheets/style.css\"><link rel=\"shortcut icon\" href=\"/favicon.ico\"></head><body><h1>不读会死</h1><p>Welcome to 不读会死</p></body></html>"
*************** response log end ***************

[2017-05-01 22:17:19.899] [INFO] resLogger - 
*************** response log start ***************
request method: GET
request originalUrl: /stylesheets/style.css
request client ip: ::1
request query: {}
response time:1
response status: 200
response body: 
{"_readableState":{"objectMode":false,"highWaterMark":65536,"buffer":{"head":null,"tail":null,"length":0},"length":0,"pipes":null,"pipesCount":0,"flowing":null,"ended":false,"endEmitted":false,"reading":false,"sync":true,"needReadable":false,"emittedReadable":false,"readableListening":false,"resumeScheduled":false,"defaultEncoding":"utf8","ranOut":false,"awaitDrain":0,"readingMore":false,"decoder":null,"encoding":null},"readable":true,"domain":null,"_events":{},"_eventsCount":2,"path":"D:\\buduhuisi\\server\\public\\stylesheets\\style.css","fd":null,"flags":"r","mode":438,"autoClose":true,"bytesRead":0}
*************** response log end ***************

[2017-05-01 22:17:20.069] [INFO] resLogger - 
*************** response log start ***************
request method: GET
request originalUrl: /
request client ip: ::1
request query: {}
response time:16
response status: 200
response body: 
"<!DOCTYPE html><html><head><title>不读会死</title><link rel=\"stylesheet\" href=\"/stylesheets/style.css\"><link rel=\"shortcut icon\" href=\"/favicon.ico\"></head><body><h1>不读会死</h1><p>Welcome to 不读会死</p></body></html>"
*************** response log end ***************

[2017-05-01 22:17:20.083] [INFO] resLogger - 
*************** response log start ***************
request method: GET
request originalUrl: /stylesheets/style.css
request client ip: ::1
request query: {}
response time:1
response status: 200
response body: 
{"_readableState":{"objectMode":false,"highWaterMark":65536,"buffer":{"head":null,"tail":null,"length":0},"length":0,"pipes":null,"pipesCount":0,"flowing":null,"ended":false,"endEmitted":false,"reading":false,"sync":true,"needReadable":false,"emittedReadable":false,"readableListening":false,"resumeScheduled":false,"defaultEncoding":"utf8","ranOut":false,"awaitDrain":0,"readingMore":false,"decoder":null,"encoding":null},"readable":true,"domain":null,"_events":{},"_eventsCount":2,"path":"D:\\buduhuisi\\server\\public\\stylesheets\\style.css","fd":null,"flags":"r","mode":438,"autoClose":true,"bytesRead":0}
*************** response log end ***************

[2017-05-01 22:17:20.226] [INFO] resLogger - 
*************** response log start ***************
request method: GET
request originalUrl: /
request client ip: ::1
request query: {}
response time:10
response status: 200
response body: 
"<!DOCTYPE html><html><head><title>不读会死</title><link rel=\"stylesheet\" href=\"/stylesheets/style.css\"><link rel=\"shortcut icon\" href=\"/favicon.ico\"></head><body><h1>不读会死</h1><p>Welcome to 不读会死</p></body></html>"
*************** response log end ***************

[2017-05-01 22:17:20.236] [INFO] resLogger - 
*************** response log start ***************
request method: GET
request originalUrl: /stylesheets/style.css
request client ip: ::1
request query: {}
response time:2
response status: 200
response body: 
{"_readableState":{"objectMode":false,"highWaterMark":65536,"buffer":{"head":null,"tail":null,"length":0},"length":0,"pipes":null,"pipesCount":0,"flowing":null,"ended":false,"endEmitted":false,"reading":false,"sync":true,"needReadable":false,"emittedReadable":false,"readableListening":false,"resumeScheduled":false,"defaultEncoding":"utf8","ranOut":false,"awaitDrain":0,"readingMore":false,"decoder":null,"encoding":null},"readable":true,"domain":null,"_events":{},"_eventsCount":2,"path":"D:\\buduhuisi\\server\\public\\stylesheets\\style.css","fd":null,"flags":"r","mode":438,"autoClose":true,"bytesRead":0}
*************** response log end ***************

[2017-05-01 22:17:20.388] [INFO] resLogger - 
*************** response log start ***************
request method: GET
request originalUrl: /
request client ip: ::1
request query: {}
response time:14
response status: 200
response body: 
"<!DOCTYPE html><html><head><title>不读会死</title><link rel=\"stylesheet\" href=\"/stylesheets/style.css\"><link rel=\"shortcut icon\" href=\"/favicon.ico\"></head><body><h1>不读会死</h1><p>Welcome to 不读会死</p></body></html>"
*************** response log end ***************

[2017-05-01 22:17:20.397] [INFO] resLogger - 
*************** response log start ***************
request method: GET
request originalUrl: /stylesheets/style.css
request client ip: ::1
request query: {}
response time:0
response status: 200
response body: 
{"_readableState":{"objectMode":false,"highWaterMark":65536,"buffer":{"head":null,"tail":null,"length":0},"length":0,"pipes":null,"pipesCount":0,"flowing":null,"ended":false,"endEmitted":false,"reading":false,"sync":true,"needReadable":false,"emittedReadable":false,"readableListening":false,"resumeScheduled":false,"defaultEncoding":"utf8","ranOut":false,"awaitDrain":0,"readingMore":false,"decoder":null,"encoding":null},"readable":true,"domain":null,"_events":{},"_eventsCount":2,"path":"D:\\buduhuisi\\server\\public\\stylesheets\\style.css","fd":null,"flags":"r","mode":438,"autoClose":true,"bytesRead":0}
*************** response log end ***************

[2017-05-01 22:27:24.949] [INFO] resLogger - 
*************** response log start ***************
request method: GET
request originalUrl: /
request client ip: ::1
request query: {}
response time:8
response status: 200
response body: 
"<!DOCTYPE html><html><head><title>不读会死</title><link rel=\"stylesheet\" href=\"/stylesheets/style.css\"><link rel=\"shortcut icon\" href=\"/favicon.ico\"></head><body><h1>不读会死</h1><p>Welcome to 不读会死</p></body></html>"
*************** response log end ***************

[2017-05-01 22:27:24.956] [INFO] resLogger - 
*************** response log start ***************
request method: GET
request originalUrl: /stylesheets/style.css
request client ip: ::1
request query: {}
response time:2
response status: 200
response body: 
{"_readableState":{"objectMode":false,"highWaterMark":65536,"buffer":{"head":null,"tail":null,"length":0},"length":0,"pipes":null,"pipesCount":0,"flowing":null,"ended":false,"endEmitted":false,"reading":false,"sync":true,"needReadable":false,"emittedReadable":false,"readableListening":false,"resumeScheduled":false,"defaultEncoding":"utf8","ranOut":false,"awaitDrain":0,"readingMore":false,"decoder":null,"encoding":null},"readable":true,"domain":null,"_events":{},"_eventsCount":2,"path":"D:\\buduhuisi\\server\\public\\stylesheets\\style.css","fd":null,"flags":"r","mode":438,"autoClose":true,"bytesRead":0}
*************** response log end ***************

[2017-05-01 22:27:28.160] [INFO] resLogger - 
*************** response log start ***************
request method: GET
request originalUrl: /stylesheets/style.css
request client ip: ::1
request query: {}
response time:1
response status: 200
response body: 
{"_readableState":{"objectMode":false,"highWaterMark":65536,"buffer":{"head":null,"tail":null,"length":0},"length":0,"pipes":null,"pipesCount":0,"flowing":null,"ended":false,"endEmitted":false,"reading":false,"sync":true,"needReadable":false,"emittedReadable":false,"readableListening":false,"resumeScheduled":false,"defaultEncoding":"utf8","ranOut":false,"awaitDrain":0,"readingMore":false,"decoder":null,"encoding":null},"readable":true,"domain":null,"_events":{},"_eventsCount":2,"path":"D:\\buduhuisi\\server\\public\\stylesheets\\style.css","fd":null,"flags":"r","mode":438,"autoClose":true,"bytesRead":0}
*************** response log end ***************

[2017-05-01 22:27:30.290] [INFO] resLogger - 
*************** response log start ***************
request method: GET
request originalUrl: /
request client ip: ::1
request query: {}
response time:8
response status: 200
response body: 
"<!DOCTYPE html><html><head><title>不读会死</title><link rel=\"stylesheet\" href=\"/stylesheets/style.css\"><link rel=\"shortcut icon\" href=\"/favicon.ico\"></head><body><h1>不读会死</h1><p>Welcome to 不读会死</p></body></html>"
*************** response log end ***************

[2017-05-01 22:27:30.302] [INFO] resLogger - 
*************** response log start ***************
request method: GET
request originalUrl: /stylesheets/style.css
request client ip: ::1
request query: {}
response time:1
response status: 200
response body: 
{"_readableState":{"objectMode":false,"highWaterMark":65536,"buffer":{"head":null,"tail":null,"length":0},"length":0,"pipes":null,"pipesCount":0,"flowing":null,"ended":false,"endEmitted":false,"reading":false,"sync":true,"needReadable":false,"emittedReadable":false,"readableListening":false,"resumeScheduled":false,"defaultEncoding":"utf8","ranOut":false,"awaitDrain":0,"readingMore":false,"decoder":null,"encoding":null},"readable":true,"domain":null,"_events":{},"_eventsCount":2,"path":"D:\\buduhuisi\\server\\public\\stylesheets\\style.css","fd":null,"flags":"r","mode":438,"autoClose":true,"bytesRead":0}
*************** response log end ***************

[2017-05-01 22:28:06.077] [INFO] resLogger - 
*************** response log start ***************
request method: GET
request originalUrl: /
request client ip: ::1
request query: {}
response time:7
response status: 200
response body: 
"<!DOCTYPE html><html><head><title>不读会死</title><link rel=\"shortcut icon\" href=\"/favicon.ico\"><link rel=\"stylesheet\" href=\"/stylesheets/style.css\"></head><body><h1>不读会死</h1><p>Welcome to 不读会死</p></body></html>"
*************** response log end ***************

[2017-05-01 22:28:06.089] [INFO] resLogger - 
*************** response log start ***************
request method: GET
request originalUrl: /stylesheets/style.css
request client ip: ::1
request query: {}
response time:2
response status: 200
response body: 
{"_readableState":{"objectMode":false,"highWaterMark":65536,"buffer":{"head":null,"tail":null,"length":0},"length":0,"pipes":null,"pipesCount":0,"flowing":null,"ended":false,"endEmitted":false,"reading":false,"sync":true,"needReadable":false,"emittedReadable":false,"readableListening":false,"resumeScheduled":false,"defaultEncoding":"utf8","ranOut":false,"awaitDrain":0,"readingMore":false,"decoder":null,"encoding":null},"readable":true,"domain":null,"_events":{},"_eventsCount":2,"path":"D:\\buduhuisi\\server\\public\\stylesheets\\style.css","fd":null,"flags":"r","mode":438,"autoClose":true,"bytesRead":0}
*************** response log end ***************

[2017-05-01 22:28:07.141] [INFO] resLogger - 
*************** response log start ***************
request method: GET
request originalUrl: /
request client ip: ::1
request query: {}
response time:6
response status: 200
response body: 
"<!DOCTYPE html><html><head><title>不读会死</title><link rel=\"shortcut icon\" href=\"/favicon.ico\"><link rel=\"stylesheet\" href=\"/stylesheets/style.css\"></head><body><h1>不读会死</h1><p>Welcome to 不读会死</p></body></html>"
*************** response log end ***************

[2017-05-01 22:28:07.149] [INFO] resLogger - 
*************** response log start ***************
request method: GET
request originalUrl: /stylesheets/style.css
request client ip: ::1
request query: {}
response time:1
response status: 200
response body: 
{"_readableState":{"objectMode":false,"highWaterMark":65536,"buffer":{"head":null,"tail":null,"length":0},"length":0,"pipes":null,"pipesCount":0,"flowing":null,"ended":false,"endEmitted":false,"reading":false,"sync":true,"needReadable":false,"emittedReadable":false,"readableListening":false,"resumeScheduled":false,"defaultEncoding":"utf8","ranOut":false,"awaitDrain":0,"readingMore":false,"decoder":null,"encoding":null},"readable":true,"domain":null,"_events":{},"_eventsCount":2,"path":"D:\\buduhuisi\\server\\public\\stylesheets\\style.css","fd":null,"flags":"r","mode":438,"autoClose":true,"bytesRead":0}
*************** response log end ***************

[2017-05-01 22:28:07.474] [INFO] resLogger - 
*************** response log start ***************
request method: GET
request originalUrl: /
request client ip: ::1
request query: {}
response time:9
response status: 200
response body: 
"<!DOCTYPE html><html><head><title>不读会死</title><link rel=\"shortcut icon\" href=\"/favicon.ico\"><link rel=\"stylesheet\" href=\"/stylesheets/style.css\"></head><body><h1>不读会死</h1><p>Welcome to 不读会死</p></body></html>"
*************** response log end ***************

[2017-05-01 22:28:07.484] [INFO] resLogger - 
*************** response log start ***************
request method: GET
request originalUrl: /stylesheets/style.css
request client ip: ::1
request query: {}
response time:0
response status: 200
response body: 
{"_readableState":{"objectMode":false,"highWaterMark":65536,"buffer":{"head":null,"tail":null,"length":0},"length":0,"pipes":null,"pipesCount":0,"flowing":null,"ended":false,"endEmitted":false,"reading":false,"sync":true,"needReadable":false,"emittedReadable":false,"readableListening":false,"resumeScheduled":false,"defaultEncoding":"utf8","ranOut":false,"awaitDrain":0,"readingMore":false,"decoder":null,"encoding":null},"readable":true,"domain":null,"_events":{},"_eventsCount":2,"path":"D:\\buduhuisi\\server\\public\\stylesheets\\style.css","fd":null,"flags":"r","mode":438,"autoClose":true,"bytesRead":0}
*************** response log end ***************

[2017-05-01 22:28:07.740] [INFO] resLogger - 
*************** response log start ***************
request method: GET
request originalUrl: /
request client ip: ::1
request query: {}
response time:13
response status: 200
response body: 
"<!DOCTYPE html><html><head><title>不读会死</title><link rel=\"shortcut icon\" href=\"/favicon.ico\"><link rel=\"stylesheet\" href=\"/stylesheets/style.css\"></head><body><h1>不读会死</h1><p>Welcome to 不读会死</p></body></html>"
*************** response log end ***************

[2017-05-01 22:28:07.751] [INFO] resLogger - 
*************** response log start ***************
request method: GET
request originalUrl: /stylesheets/style.css
request client ip: ::1
request query: {}
response time:1
response status: 200
response body: 
{"_readableState":{"objectMode":false,"highWaterMark":65536,"buffer":{"head":null,"tail":null,"length":0},"length":0,"pipes":null,"pipesCount":0,"flowing":null,"ended":false,"endEmitted":false,"reading":false,"sync":true,"needReadable":false,"emittedReadable":false,"readableListening":false,"resumeScheduled":false,"defaultEncoding":"utf8","ranOut":false,"awaitDrain":0,"readingMore":false,"decoder":null,"encoding":null},"readable":true,"domain":null,"_events":{},"_eventsCount":2,"path":"D:\\buduhuisi\\server\\public\\stylesheets\\style.css","fd":null,"flags":"r","mode":438,"autoClose":true,"bytesRead":0}
*************** response log end ***************

[2017-05-01 22:28:40.971] [INFO] resLogger - 
*************** response log start ***************
request method: GET
request originalUrl: /
request client ip: ::1
request query: {}
response time:7
response status: 200
response body: 
"<!DOCTYPE html><html><head><title>不读会死</title><link rel=\"shortcut icon\" href=\"/favicon.ico\"><link rel=\"stylesheet\" href=\"/stylesheets/style.css\"></head><body><h1>不读会死</h1><p>Welcome to 不读会死</p></body></html>"
*************** response log end ***************

[2017-05-01 22:28:40.986] [INFO] resLogger - 
*************** response log start ***************
request method: GET
request originalUrl: /stylesheets/style.css
request client ip: ::1
request query: {}
response time:1
response status: 200
response body: 
{"_readableState":{"objectMode":false,"highWaterMark":65536,"buffer":{"head":null,"tail":null,"length":0},"length":0,"pipes":null,"pipesCount":0,"flowing":null,"ended":false,"endEmitted":false,"reading":false,"sync":true,"needReadable":false,"emittedReadable":false,"readableListening":false,"resumeScheduled":false,"defaultEncoding":"utf8","ranOut":false,"awaitDrain":0,"readingMore":false,"decoder":null,"encoding":null},"readable":true,"domain":null,"_events":{},"_eventsCount":2,"path":"D:\\buduhuisi\\server\\public\\stylesheets\\style.css","fd":null,"flags":"r","mode":438,"autoClose":true,"bytesRead":0}
*************** response log end ***************

[2017-05-01 22:41:25.484] [INFO] resLogger - 
*************** response log start ***************
request method: GET
request originalUrl: /
request client ip: ::1
request query: {}
response time:18
response status: 200
response body: 
"<!DOCTYPE html><html><head><title>不读会死</title><link rel=\"shortcut icon\" href=\"/favicon.ico\"><link rel=\"stylesheet\" href=\"/stylesheets/style.css\"></head><body><h1>不读会死</h1><p>Welcome to 不读会死</p></body></html>"
*************** response log end ***************

[2017-05-01 22:41:25.498] [INFO] resLogger - 
*************** response log start ***************
request method: GET
request originalUrl: /stylesheets/style.css
request client ip: ::1
request query: {}
response time:1
response status: 200
response body: 
{"_readableState":{"objectMode":false,"highWaterMark":65536,"buffer":{"head":null,"tail":null,"length":0},"length":0,"pipes":null,"pipesCount":0,"flowing":null,"ended":false,"endEmitted":false,"reading":false,"sync":true,"needReadable":false,"emittedReadable":false,"readableListening":false,"resumeScheduled":false,"defaultEncoding":"utf8","ranOut":false,"awaitDrain":0,"readingMore":false,"decoder":null,"encoding":null},"readable":true,"domain":null,"_events":{},"_eventsCount":2,"path":"D:\\buduhuisi\\server\\public\\stylesheets\\style.css","fd":null,"flags":"r","mode":438,"autoClose":true,"bytesRead":0}
*************** response log end ***************

[2017-05-01 22:41:30.693] [INFO] resLogger - 
*************** response log start ***************
request method: GET
request originalUrl: /users/getUser
request client ip: ::1
request query: {}
response time:2
response status: 200
response body: 
"{\n  \"username\": \"拍岸\",\n  \"age\": 18\n}"
*************** response log end ***************

[2017-05-01 22:41:32.998] [INFO] resLogger - 
*************** response log start ***************
request method: GET
request originalUrl: /users/getUser
request client ip: ::1
request query: {}
response time:1
response status: 200
response body: 
"{\n  \"username\": \"拍岸\",\n  \"age\": 18\n}"
*************** response log end ***************

[2017-05-01 22:41:40.018] [INFO] resLogger - 
*************** response log start ***************
request method: GET
request originalUrl: /users/getUser
request client ip: ::1
request query: {}
response time:1
response status: 200
response body: 
"{\n  \"username\": \"拍岸\",\n  \"age\": 18\n}"
*************** response log end ***************

[2017-05-01 22:43:34.968] [INFO] resLogger - 
*************** response log start ***************
request method: GET
request originalUrl: /users/getUser
request client ip: ::1
request query: {}
response time:19
response status: 200
response body: 
"{\n  \"username\": \"拍岸\",\n  \"age\": 18\n}"
*************** response log end ***************

[2017-05-01 22:43:36.210] [INFO] resLogger - 
*************** response log start ***************
request method: GET
request originalUrl: /users/getUser
request client ip: ::1
request query: {}
response time:1
response status: 200
response body: 
"{\n  \"username\": \"拍岸\",\n  \"age\": 18\n}"
*************** response log end ***************

[2017-05-01 22:43:56.776] [INFO] resLogger - 
*************** response log start ***************
request method: GET
request originalUrl: /users/getUser
request client ip: ::1
request query: {}
response time:16
response status: 200
response body: 
"{\n  \"username\": \"拍岸\",\n  \"age\": 18\n}"
*************** response log end ***************

[2017-05-01 22:44:08.950] [INFO] resLogger - 
*************** response log start ***************
request method: GET
request originalUrl: /api/users/getUser
request client ip: ::1
request query: {}
response time:2
response status: 200
response body: 
"{\n  \"code\": 0,\n  \"message\": \"success\",\n  \"data\": {\n    \"username\": \"拍岸\",\n    \"age\": 18\n  }\n}"
*************** response log end ***************

[2017-05-01 22:44:23.672] [INFO] resLogger - 
*************** response log start ***************
request method: GET
request originalUrl: /api/users/getUser
request client ip: ::1
request query: {}
response time:16
response status: 200
response body: 
"{\n  \"code\": 0,\n  \"message\": \"success\",\n  \"data\": {\n    \"username\": \"拍岸\",\n    \"age\": 18\n  }\n}"
*************** response log end ***************

