[2017-05-03 23:00:13.860] [INFO] resLogger - 
*************** response log start ***************
request method: GET
request originalUrl: /my
request client ip: ::1
request query: {}
response time:723
response status: 200
response body: 
"<!DOCTYPE html><html><head><title>我</title><link rel=\"shortcut icon\" href=\"/favicon.ico\"><link rel=\"stylesheet\" href=\"/stylesheets/style.css\"></head><body><h1>我</h1><p>Welcome to 我</p></body></html>"
*************** response log end ***************

[2017-05-03 23:00:13.877] [INFO] resLogger - 
*************** response log start ***************
request method: GET
request originalUrl: /stylesheets/style.css
request client ip: ::1
request query: {}
response time:4
response status: 200
response body: 
{"_readableState":{"objectMode":false,"highWaterMark":65536,"buffer":{"head":null,"tail":null,"length":0},"length":0,"pipes":null,"pipesCount":0,"flowing":null,"ended":false,"endEmitted":false,"reading":false,"sync":true,"needReadable":false,"emittedReadable":false,"readableListening":false,"resumeScheduled":false,"defaultEncoding":"utf8","ranOut":false,"awaitDrain":0,"readingMore":false,"decoder":null,"encoding":null},"readable":true,"domain":null,"_events":{},"_eventsCount":2,"path":"D:\\buduhuisi\\server\\public\\stylesheets\\style.css","fd":null,"flags":"r","mode":438,"autoClose":true,"bytesRead":0}
*************** response log end ***************

