[2017-05-01 19:01:50.183] [INFO] resLogger - 
*************** response log start ***************
request method: GET
request originalUrl: /
request client ip: ::1
request query: {}
response time:296
response status: 200
response body: 
"<!DOCTYPE html><html><head><title>不读会死</title><link rel=\"stylesheet\" href=\"/stylesheets/style.css\"></head><body><h1>不读会死</h1><p>Welcome to 不读会死</p></body></html>"
*************** response log end ***************

[2017-05-01 19:01:50.198] [INFO] resLogger - 
*************** response log start ***************
request method: GET
request originalUrl: /stylesheets/style.css
request client ip: ::1
request query: {}
response time:2
response status: 200
response body: 
{"_readableState":{"objectMode":false,"highWaterMark":65536,"buffer":{"head":null,"tail":null,"length":0},"length":0,"pipes":null,"pipesCount":0,"flowing":null,"ended":false,"endEmitted":false,"reading":false,"sync":true,"needReadable":false,"emittedReadable":false,"readableListening":false,"resumeScheduled":false,"defaultEncoding":"utf8","ranOut":false,"awaitDrain":0,"readingMore":false,"decoder":null,"encoding":null},"readable":true,"domain":null,"_events":{},"_eventsCount":2,"path":"D:\\buduhuisi\\server\\public\\stylesheets\\style.css","fd":null,"flags":"r","mode":438,"autoClose":true,"bytesRead":0}
*************** response log end ***************

[2017-05-01 19:02:09.346] [INFO] resLogger - 
*************** response log start ***************
request method: GET
request originalUrl: /
request client ip: ::1
request query: {}
response time:33
response status: 200
response body: 
"<!DOCTYPE html><html><head><title>不读会死</title><link rel=\"stylesheet\" href=\"/stylesheets/style.css\"></head><body><h1>不读会死</h1><p>Welcome to 不读会死</p></body></html>"
*************** response log end ***************

[2017-05-01 19:02:09.369] [INFO] resLogger - 
*************** response log start ***************
request method: GET
request originalUrl: /stylesheets/style.css
request client ip: ::1
request query: {}
response time:14
response status: 200
response body: 
{"_readableState":{"objectMode":false,"highWaterMark":65536,"buffer":{"head":null,"tail":null,"length":0},"length":0,"pipes":null,"pipesCount":0,"flowing":null,"ended":false,"endEmitted":false,"reading":false,"sync":true,"needReadable":false,"emittedReadable":false,"readableListening":false,"resumeScheduled":false,"defaultEncoding":"utf8","ranOut":false,"awaitDrain":0,"readingMore":false,"decoder":null,"encoding":null},"readable":true,"domain":null,"_events":{},"_eventsCount":2,"path":"D:\\buduhuisi\\server\\public\\stylesheets\\style.css","fd":null,"flags":"r","mode":438,"autoClose":true,"bytesRead":0}
*************** response log end ***************

[2017-05-01 19:03:16.397] [INFO] resLogger - 
*************** response log start ***************
request method: GET
request originalUrl: /
request client ip: ::1
request query: {}
response time:344
response status: 200
response body: 
"<!DOCTYPE html><html><head><title>不读会死</title><link rel=\"stylesheet\" href=\"/stylesheets/style.css\"></head><body><h1>不读会死</h1><p>Welcome to 不读会死</p></body></html>"
*************** response log end ***************

[2017-05-01 19:03:16.410] [INFO] resLogger - 
*************** response log start ***************
request method: GET
request originalUrl: /stylesheets/style.css
request client ip: ::1
request query: {}
response time:2
response status: 200
response body: 
{"_readableState":{"objectMode":false,"highWaterMark":65536,"buffer":{"head":null,"tail":null,"length":0},"length":0,"pipes":null,"pipesCount":0,"flowing":null,"ended":false,"endEmitted":false,"reading":false,"sync":true,"needReadable":false,"emittedReadable":false,"readableListening":false,"resumeScheduled":false,"defaultEncoding":"utf8","ranOut":false,"awaitDrain":0,"readingMore":false,"decoder":null,"encoding":null},"readable":true,"domain":null,"_events":{},"_eventsCount":2,"path":"D:\\buduhuisi\\server\\public\\stylesheets\\style.css","fd":null,"flags":"r","mode":438,"autoClose":true,"bytesRead":0}
*************** response log end ***************

[2017-05-01 19:03:51.024] [INFO] resLogger - 
*************** response log start ***************
request method: GET
request originalUrl: /foo
request client ip: ::1
request query: {}
response time:29
response status: 200
response body: 
"<!DOCTYPE html><html><head><title>koa2 foo</title><link rel=\"stylesheet\" href=\"/stylesheets/style.css\"></head><body><h1>koa2 foo</h1><p>Welcome to koa2 foo</p></body></html>"
*************** response log end ***************

[2017-05-01 19:03:51.045] [INFO] resLogger - 
*************** response log start ***************
request method: GET
request originalUrl: /stylesheets/style.css
request client ip: ::1
request query: {}
response time:11
response status: 200
response body: 
{"_readableState":{"objectMode":false,"highWaterMark":65536,"buffer":{"head":null,"tail":null,"length":0},"length":0,"pipes":null,"pipesCount":0,"flowing":null,"ended":false,"endEmitted":false,"reading":false,"sync":true,"needReadable":false,"emittedReadable":false,"readableListening":false,"resumeScheduled":false,"defaultEncoding":"utf8","ranOut":false,"awaitDrain":0,"readingMore":false,"decoder":null,"encoding":null},"readable":true,"domain":null,"_events":{},"_eventsCount":2,"path":"D:\\buduhuisi\\server\\public\\stylesheets\\style.css","fd":null,"flags":"r","mode":438,"autoClose":true,"bytesRead":0}
*************** response log end ***************

[2017-05-01 19:04:53.960] [INFO] resLogger - 
*************** response log start ***************
request method: GET
request originalUrl: /foo
request client ip: ::1
request query: {}
response time:8
response status: 404
response body: 
undefined
*************** response log end ***************

[2017-05-01 19:04:55.133] [INFO] resLogger - 
*************** response log start ***************
request method: GET
request originalUrl: /foo
request client ip: ::1
request query: {}
response time:0
response status: 404
response body: 
undefined
*************** response log end ***************

[2017-05-01 19:04:58.641] [INFO] resLogger - 
*************** response log start ***************
request method: GET
request originalUrl: /my
request client ip: ::1
request query: {}
response time:297
response status: 200
response body: 
"<!DOCTYPE html><html><head><title>我</title><link rel=\"stylesheet\" href=\"/stylesheets/style.css\"></head><body><h1>我</h1><p>Welcome to 我</p></body></html>"
*************** response log end ***************

[2017-05-01 19:04:58.655] [INFO] resLogger - 
*************** response log start ***************
request method: GET
request originalUrl: /stylesheets/style.css
request client ip: ::1
request query: {}
response time:2
response status: 200
response body: 
{"_readableState":{"objectMode":false,"highWaterMark":65536,"buffer":{"head":null,"tail":null,"length":0},"length":0,"pipes":null,"pipesCount":0,"flowing":null,"ended":false,"endEmitted":false,"reading":false,"sync":true,"needReadable":false,"emittedReadable":false,"readableListening":false,"resumeScheduled":false,"defaultEncoding":"utf8","ranOut":false,"awaitDrain":0,"readingMore":false,"decoder":null,"encoding":null},"readable":true,"domain":null,"_events":{},"_eventsCount":2,"path":"D:\\buduhuisi\\server\\public\\stylesheets\\style.css","fd":null,"flags":"r","mode":438,"autoClose":true,"bytesRead":0}
*************** response log end ***************

[2017-05-01 19:05:01.585] [INFO] resLogger - 
*************** response log start ***************
request method: GET
request originalUrl: /my
request client ip: ::1
request query: {}
response time:22
response status: 200
response body: 
"<!DOCTYPE html><html><head><title>我</title><link rel=\"stylesheet\" href=\"/stylesheets/style.css\"></head><body><h1>我</h1><p>Welcome to 我</p></body></html>"
*************** response log end ***************

[2017-05-01 19:05:01.593] [INFO] resLogger - 
*************** response log start ***************
request method: GET
request originalUrl: /stylesheets/style.css
request client ip: ::1
request query: {}
response time:1
response status: 200
response body: 
{"_readableState":{"objectMode":false,"highWaterMark":65536,"buffer":{"head":null,"tail":null,"length":0},"length":0,"pipes":null,"pipesCount":0,"flowing":null,"ended":false,"endEmitted":false,"reading":false,"sync":true,"needReadable":false,"emittedReadable":false,"readableListening":false,"resumeScheduled":false,"defaultEncoding":"utf8","ranOut":false,"awaitDrain":0,"readingMore":false,"decoder":null,"encoding":null},"readable":true,"domain":null,"_events":{},"_eventsCount":2,"path":"D:\\buduhuisi\\server\\public\\stylesheets\\style.css","fd":null,"flags":"r","mode":438,"autoClose":true,"bytesRead":0}
*************** response log end ***************

[2017-05-01 19:05:09.639] [INFO] resLogger - 
*************** response log start ***************
request method: GET
request originalUrl: /my
request client ip: ::1
request query: {}
response time:35
response status: 200
response body: 
"<!DOCTYPE html><html><head><title>我</title><link rel=\"stylesheet\" href=\"/stylesheets/style.css\"></head><body><h1>我</h1><p>Welcome to 我</p></body></html>"
*************** response log end ***************

[2017-05-01 19:05:09.653] [INFO] resLogger - 
*************** response log start ***************
request method: GET
request originalUrl: /stylesheets/style.css
request client ip: ::1
request query: {}
response time:6
response status: 200
response body: 
{"_readableState":{"objectMode":false,"highWaterMark":65536,"buffer":{"head":null,"tail":null,"length":0},"length":0,"pipes":null,"pipesCount":0,"flowing":null,"ended":false,"endEmitted":false,"reading":false,"sync":true,"needReadable":false,"emittedReadable":false,"readableListening":false,"resumeScheduled":false,"defaultEncoding":"utf8","ranOut":false,"awaitDrain":0,"readingMore":false,"decoder":null,"encoding":null},"readable":true,"domain":null,"_events":{},"_eventsCount":2,"path":"D:\\buduhuisi\\server\\public\\stylesheets\\style.css","fd":null,"flags":"r","mode":438,"autoClose":true,"bytesRead":0}
*************** response log end ***************

[2017-05-01 19:05:46.975] [INFO] resLogger - 
*************** response log start ***************
request method: GET
request originalUrl: /my
request client ip: ::1
request query: {}
response time:27
response status: 200
response body: 
"<!DOCTYPE html><html><head><title>我</title><link rel=\"stylesheet\" href=\"/stylesheets/style.css\"></head><body><h1>我</h1><p>Welcome to 我</p></body></html>"
*************** response log end ***************

[2017-05-01 19:05:46.988] [INFO] resLogger - 
*************** response log start ***************
request method: GET
request originalUrl: /stylesheets/style.css
request client ip: ::1
request query: {}
response time:4
response status: 200
response body: 
{"_readableState":{"objectMode":false,"highWaterMark":65536,"buffer":{"head":null,"tail":null,"length":0},"length":0,"pipes":null,"pipesCount":0,"flowing":null,"ended":false,"endEmitted":false,"reading":false,"sync":true,"needReadable":false,"emittedReadable":false,"readableListening":false,"resumeScheduled":false,"defaultEncoding":"utf8","ranOut":false,"awaitDrain":0,"readingMore":false,"decoder":null,"encoding":null},"readable":true,"domain":null,"_events":{},"_eventsCount":2,"path":"D:\\buduhuisi\\server\\public\\stylesheets\\style.css","fd":null,"flags":"r","mode":438,"autoClose":true,"bytesRead":0}
*************** response log end ***************

[2017-05-01 19:07:12.143] [INFO] resLogger - 
*************** response log start ***************
request method: GET
request originalUrl: /my
request client ip: ::1
request query: {}
response time:285
response status: 200
response body: 
"<!DOCTYPE html><html><head><title>我</title><link rel=\"stylesheet\" href=\"/stylesheets/style.css\"></head><body><h1>我</h1><p>Welcome to 我</p></body></html>"
*************** response log end ***************

[2017-05-01 19:07:12.160] [INFO] resLogger - 
*************** response log start ***************
request method: GET
request originalUrl: /stylesheets/style.css
request client ip: ::1
request query: {}
response time:6
response status: 200
response body: 
{"_readableState":{"objectMode":false,"highWaterMark":65536,"buffer":{"head":null,"tail":null,"length":0},"length":0,"pipes":null,"pipesCount":0,"flowing":null,"ended":false,"endEmitted":false,"reading":false,"sync":true,"needReadable":false,"emittedReadable":false,"readableListening":false,"resumeScheduled":false,"defaultEncoding":"utf8","ranOut":false,"awaitDrain":0,"readingMore":false,"decoder":null,"encoding":null},"readable":true,"domain":null,"_events":{},"_eventsCount":2,"path":"D:\\buduhuisi\\server\\public\\stylesheets\\style.css","fd":null,"flags":"r","mode":438,"autoClose":true,"bytesRead":0}
*************** response log end ***************

[2017-05-01 19:07:12.531] [INFO] resLogger - 
*************** response log start ***************
request method: GET
request originalUrl: /my
request client ip: ::1
request query: {}
response time:22
response status: 200
response body: 
"<!DOCTYPE html><html><head><title>我</title><link rel=\"stylesheet\" href=\"/stylesheets/style.css\"></head><body><h1>我</h1><p>Welcome to 我</p></body></html>"
*************** response log end ***************

[2017-05-01 19:07:12.537] [INFO] resLogger - 
*************** response log start ***************
request method: GET
request originalUrl: /stylesheets/style.css
request client ip: ::1
request query: {}
response time:0
response status: 200
response body: 
{"_readableState":{"objectMode":false,"highWaterMark":65536,"buffer":{"head":null,"tail":null,"length":0},"length":0,"pipes":null,"pipesCount":0,"flowing":null,"ended":false,"endEmitted":false,"reading":false,"sync":true,"needReadable":false,"emittedReadable":false,"readableListening":false,"resumeScheduled":false,"defaultEncoding":"utf8","ranOut":false,"awaitDrain":0,"readingMore":false,"decoder":null,"encoding":null},"readable":true,"domain":null,"_events":{},"_eventsCount":2,"path":"D:\\buduhuisi\\server\\public\\stylesheets\\style.css","fd":null,"flags":"r","mode":438,"autoClose":true,"bytesRead":0}
*************** response log end ***************

[2017-05-01 19:07:12.840] [INFO] resLogger - 
*************** response log start ***************
request method: GET
request originalUrl: /my
request client ip: ::1
request query: {}
response time:21
response status: 200
response body: 
"<!DOCTYPE html><html><head><title>我</title><link rel=\"stylesheet\" href=\"/stylesheets/style.css\"></head><body><h1>我</h1><p>Welcome to 我</p></body></html>"
*************** response log end ***************

[2017-05-01 19:07:12.849] [INFO] resLogger - 
*************** response log start ***************
request method: GET
request originalUrl: /stylesheets/style.css
request client ip: ::1
request query: {}
response time:1
response status: 200
response body: 
{"_readableState":{"objectMode":false,"highWaterMark":65536,"buffer":{"head":null,"tail":null,"length":0},"length":0,"pipes":null,"pipesCount":0,"flowing":null,"ended":false,"endEmitted":false,"reading":false,"sync":true,"needReadable":false,"emittedReadable":false,"readableListening":false,"resumeScheduled":false,"defaultEncoding":"utf8","ranOut":false,"awaitDrain":0,"readingMore":false,"decoder":null,"encoding":null},"readable":true,"domain":null,"_events":{},"_eventsCount":2,"path":"D:\\buduhuisi\\server\\public\\stylesheets\\style.css","fd":null,"flags":"r","mode":438,"autoClose":true,"bytesRead":0}
*************** response log end ***************

[2017-05-01 19:07:13.092] [INFO] resLogger - 
*************** response log start ***************
request method: GET
request originalUrl: /my
request client ip: ::1
request query: {}
response time:16
response status: 200
response body: 
"<!DOCTYPE html><html><head><title>我</title><link rel=\"stylesheet\" href=\"/stylesheets/style.css\"></head><body><h1>我</h1><p>Welcome to 我</p></body></html>"
*************** response log end ***************

[2017-05-01 19:07:13.101] [INFO] resLogger - 
*************** response log start ***************
request method: GET
request originalUrl: /stylesheets/style.css
request client ip: ::1
request query: {}
response time:1
response status: 200
response body: 
{"_readableState":{"objectMode":false,"highWaterMark":65536,"buffer":{"head":null,"tail":null,"length":0},"length":0,"pipes":null,"pipesCount":0,"flowing":null,"ended":false,"endEmitted":false,"reading":false,"sync":true,"needReadable":false,"emittedReadable":false,"readableListening":false,"resumeScheduled":false,"defaultEncoding":"utf8","ranOut":false,"awaitDrain":0,"readingMore":false,"decoder":null,"encoding":null},"readable":true,"domain":null,"_events":{},"_eventsCount":2,"path":"D:\\buduhuisi\\server\\public\\stylesheets\\style.css","fd":null,"flags":"r","mode":438,"autoClose":true,"bytesRead":0}
*************** response log end ***************

[2017-05-01 19:07:13.494] [INFO] resLogger - 
*************** response log start ***************
request method: GET
request originalUrl: /my
request client ip: ::1
request query: {}
response time:10
response status: 200
response body: 
"<!DOCTYPE html><html><head><title>我</title><link rel=\"stylesheet\" href=\"/stylesheets/style.css\"></head><body><h1>我</h1><p>Welcome to 我</p></body></html>"
*************** response log end ***************

[2017-05-01 19:07:13.502] [INFO] resLogger - 
*************** response log start ***************
request method: GET
request originalUrl: /stylesheets/style.css
request client ip: ::1
request query: {}
response time:0
response status: 200
response body: 
{"_readableState":{"objectMode":false,"highWaterMark":65536,"buffer":{"head":null,"tail":null,"length":0},"length":0,"pipes":null,"pipesCount":0,"flowing":null,"ended":false,"endEmitted":false,"reading":false,"sync":true,"needReadable":false,"emittedReadable":false,"readableListening":false,"resumeScheduled":false,"defaultEncoding":"utf8","ranOut":false,"awaitDrain":0,"readingMore":false,"decoder":null,"encoding":null},"readable":true,"domain":null,"_events":{},"_eventsCount":2,"path":"D:\\buduhuisi\\server\\public\\stylesheets\\style.css","fd":null,"flags":"r","mode":438,"autoClose":true,"bytesRead":0}
*************** response log end ***************

[2017-05-01 19:07:24.896] [INFO] resLogger - 
*************** response log start ***************
request method: GET
request originalUrl: /my
request client ip: ::1
request query: {}
response time:18
response status: 200
response body: 
"<!DOCTYPE html><html><head><title>我</title><link rel=\"stylesheet\" href=\"/stylesheets/style.css\"></head><body><h1>我</h1><p>Welcome to 111 我</p></body></html>"
*************** response log end ***************

[2017-05-01 19:07:24.912] [INFO] resLogger - 
*************** response log start ***************
request method: GET
request originalUrl: /stylesheets/style.css
request client ip: ::1
request query: {}
response time:8
response status: 200
response body: 
{"_readableState":{"objectMode":false,"highWaterMark":65536,"buffer":{"head":null,"tail":null,"length":0},"length":0,"pipes":null,"pipesCount":0,"flowing":null,"ended":false,"endEmitted":false,"reading":false,"sync":true,"needReadable":false,"emittedReadable":false,"readableListening":false,"resumeScheduled":false,"defaultEncoding":"utf8","ranOut":false,"awaitDrain":0,"readingMore":false,"decoder":null,"encoding":null},"readable":true,"domain":null,"_events":{},"_eventsCount":2,"path":"D:\\buduhuisi\\server\\public\\stylesheets\\style.css","fd":null,"flags":"r","mode":438,"autoClose":true,"bytesRead":0}
*************** response log end ***************

[2017-05-01 19:07:36.722] [INFO] resLogger - 
*************** response log start ***************
request method: GET
request originalUrl: /my
request client ip: ::1
request query: {}
response time:28
response status: 200
response body: 
"<!DOCTYPE html><html><head><title>我</title><link rel=\"stylesheet\" href=\"/stylesheets/style.css\"></head><body><h1>我</h1><p>Welcome to 我</p></body></html>"
*************** response log end ***************

[2017-05-01 19:07:36.734] [INFO] resLogger - 
*************** response log start ***************
request method: GET
request originalUrl: /stylesheets/style.css
request client ip: ::1
request query: {}
response time:4
response status: 200
response body: 
{"_readableState":{"objectMode":false,"highWaterMark":65536,"buffer":{"head":null,"tail":null,"length":0},"length":0,"pipes":null,"pipesCount":0,"flowing":null,"ended":false,"endEmitted":false,"reading":false,"sync":true,"needReadable":false,"emittedReadable":false,"readableListening":false,"resumeScheduled":false,"defaultEncoding":"utf8","ranOut":false,"awaitDrain":0,"readingMore":false,"decoder":null,"encoding":null},"readable":true,"domain":null,"_events":{},"_eventsCount":2,"path":"D:\\buduhuisi\\server\\public\\stylesheets\\style.css","fd":null,"flags":"r","mode":438,"autoClose":true,"bytesRead":0}
*************** response log end ***************

