[2017-05-01 17:15:40.923] [INFO] resLogger - 
*************** response log start ***************
request method: GET
request originalUrl: /
request client ip: ::1
request query: {}
response time:291
response status: 200
response body: 
"<!DOCTYPE html><html><head><title>koa2 title</title><link rel=\"stylesheet\" href=\"/stylesheets/style.css\"></head><body><h1>koa2 title</h1><p>Welcome to koa2 title</p></body></html>"
*************** response log end ***************

[2017-05-01 17:15:40.937] [INFO] resLogger - 
*************** response log start ***************
request method: GET
request originalUrl: /stylesheets/style.css
request client ip: ::1
request query: {}
response time:2
response status: 200
response body: 
{"_readableState":{"objectMode":false,"highWaterMark":65536,"buffer":{"head":null,"tail":null,"length":0},"length":0,"pipes":null,"pipesCount":0,"flowing":null,"ended":false,"endEmitted":false,"reading":false,"sync":true,"needReadable":false,"emittedReadable":false,"readableListening":false,"resumeScheduled":false,"defaultEncoding":"utf8","ranOut":false,"awaitDrain":0,"readingMore":false,"decoder":null,"encoding":null},"readable":true,"domain":null,"_events":{},"_eventsCount":2,"path":"D:\\buduhuisi\\server\\public\\stylesheets\\style.css","fd":null,"flags":"r","mode":438,"autoClose":true,"bytesRead":0}
*************** response log end ***************

[2017-05-01 17:32:22.386] [INFO] resLogger - 
*************** response log start ***************
request method: GET
request originalUrl: /
request client ip: ::1
request query: {}
response time:290
response status: 200
response body: 
"<!DOCTYPE html><html><head><title>koa2 title</title><link rel=\"stylesheet\" href=\"/stylesheets/style.css\"></head><body><h1>koa2 title</h1><p>Welcome to koa2 title</p></body></html>"
*************** response log end ***************

[2017-05-01 17:32:22.400] [INFO] resLogger - 
*************** response log start ***************
request method: GET
request originalUrl: /stylesheets/style.css
request client ip: ::1
request query: {}
response time:2
response status: 200
response body: 
{"_readableState":{"objectMode":false,"highWaterMark":65536,"buffer":{"head":null,"tail":null,"length":0},"length":0,"pipes":null,"pipesCount":0,"flowing":null,"ended":false,"endEmitted":false,"reading":false,"sync":true,"needReadable":false,"emittedReadable":false,"readableListening":false,"resumeScheduled":false,"defaultEncoding":"utf8","ranOut":false,"awaitDrain":0,"readingMore":false,"decoder":null,"encoding":null},"readable":true,"domain":null,"_events":{},"_eventsCount":2,"path":"D:\\buduhuisi\\server\\public\\stylesheets\\style.css","fd":null,"flags":"r","mode":438,"autoClose":true,"bytesRead":0}
*************** response log end ***************

[2017-05-01 17:56:25.641] [INFO] resLogger - 
*************** response log start ***************
request method: GET
request originalUrl: /users/getUser
request client ip: ::1
request query: {}
response time:8
response status: 200
response body: 
"{\n  \"username\": \"拍岸\",\n  \"age\": 18\n}"
*************** response log end ***************

[2017-05-01 17:56:52.234] [INFO] resLogger - 
*************** response log start ***************
request method: GET
request originalUrl: /users/getUser?aaa=1
request client ip: ::1
request query: {"aaa":"1"}
response time:1
response status: 200
response body: 
"{\n  \"username\": \"拍岸\",\n  \"age\": 18\n}"
*************** response log end ***************

[2017-05-01 17:57:02.470] [INFO] resLogger - 
*************** response log start ***************
request method: GET
request originalUrl: /users/getUser
request client ip: ::1
request query: {}
response time:1
response status: 200
response body: 
"{\n  \"username\": \"拍岸\",\n  \"age\": 18\n}"
*************** response log end ***************

[2017-05-01 17:57:18.629] [INFO] resLogger - 
*************** response log start ***************
request method: GET
request originalUrl: /users/registerUser
request client ip: ::1
request query: {}
response time:1
response status: 404
response body: 
undefined
*************** response log end ***************

[2017-05-01 17:57:49.725] [INFO] resLogger - 
*************** response log start ***************
request method: GET
request originalUrl: /users/registerUser
request client ip: ::1
request query: {}
response time:8
response status: 404
response body: 
undefined
*************** response log end ***************

[2017-05-01 17:57:50.515] [INFO] resLogger - 
*************** response log start ***************
request method: GET
request originalUrl: /users/registerUser
request client ip: ::1
request query: {}
response time:1
response status: 404
response body: 
undefined
*************** response log end ***************

[2017-05-01 17:57:55.277] [INFO] resLogger - 
*************** response log start ***************
request method: GET
request originalUrl: /users/registerUser
request client ip: ::1
request query: {}
response time:1
response status: 404
response body: 
undefined
*************** response log end ***************

[2017-05-01 17:58:16.411] [INFO] resLogger - 
*************** response log start ***************
request method: GET
request originalUrl: /users/registerUser?aaa=1
request client ip: ::1
request query: {"aaa":"1"}
response time:1
response status: 404
response body: 
undefined
*************** response log end ***************

[2017-05-01 17:58:18.251] [INFO] resLogger - 
*************** response log start ***************
request method: GET
request originalUrl: /users/registerUser?aaa=1
request client ip: ::1
request query: {"aaa":"1"}
response time:1
response status: 404
response body: 
undefined
*************** response log end ***************

[2017-05-01 17:58:19.091] [INFO] resLogger - 
*************** response log start ***************
request method: GET
request originalUrl: /users/registerUser?aaa=1
request client ip: ::1
request query: {"aaa":"1"}
response time:1
response status: 404
response body: 
undefined
*************** response log end ***************

[2017-05-01 17:58:19.339] [INFO] resLogger - 
*************** response log start ***************
request method: GET
request originalUrl: /users/registerUser?aaa=1
request client ip: ::1
request query: {"aaa":"1"}
response time:2
response status: 404
response body: 
undefined
*************** response log end ***************

[2017-05-01 17:58:20.586] [INFO] resLogger - 
*************** response log start ***************
request method: GET
request originalUrl: /users/registerUser?aaa=1
request client ip: ::1
request query: {"aaa":"1"}
response time:1
response status: 404
response body: 
undefined
*************** response log end ***************

