[2017-05-03 22:00:36.168] [INFO] resLogger - 
*************** response log start ***************
request method: GET
request originalUrl: /
request client ip: ::1
request query: {}
response time:28
response status: 200
response body: 
"<!DOCTYPE html><html><head><title>不读会死</title><link rel=\"shortcut icon\" href=\"/favicon.ico\"><link rel=\"stylesheet\" href=\"/stylesheets/style.css\"></head><body><h1>不读会死</h1><p>Welcome to 不读会死</p></body></html>"
*************** response log end ***************

[2017-05-03 22:00:36.180] [INFO] resLogger - 
*************** response log start ***************
request method: GET
request originalUrl: /stylesheets/style.css
request client ip: ::1
request query: {}
response time:1
response status: 200
response body: 
{"_readableState":{"objectMode":false,"highWaterMark":65536,"buffer":{"head":null,"tail":null,"length":0},"length":0,"pipes":null,"pipesCount":0,"flowing":null,"ended":false,"endEmitted":false,"reading":false,"sync":true,"needReadable":false,"emittedReadable":false,"readableListening":false,"resumeScheduled":false,"defaultEncoding":"utf8","ranOut":false,"awaitDrain":0,"readingMore":false,"decoder":null,"encoding":null},"readable":true,"domain":null,"_events":{},"_eventsCount":2,"path":"D:\\buduhuisi\\server\\public\\stylesheets\\style.css","fd":null,"flags":"r","mode":438,"autoClose":true,"bytesRead":0}
*************** response log end ***************

[2017-05-03 22:00:36.188] [INFO] resLogger - 
*************** response log start ***************
request method: GET
request originalUrl: /favicon.ico
request client ip: ::1
request query: {}
response time:1
response status: 200
response body: 
{"_readableState":{"objectMode":false,"highWaterMark":65536,"buffer":{"head":null,"tail":null,"length":0},"length":0,"pipes":null,"pipesCount":0,"flowing":null,"ended":false,"endEmitted":false,"reading":false,"sync":true,"needReadable":false,"emittedReadable":false,"readableListening":false,"resumeScheduled":false,"defaultEncoding":"utf8","ranOut":false,"awaitDrain":0,"readingMore":false,"decoder":null,"encoding":null},"readable":true,"domain":null,"_events":{},"_eventsCount":2,"path":"D:\\buduhuisi\\server\\public\\favicon.ico","fd":null,"flags":"r","mode":438,"autoClose":true,"bytesRead":0}
*************** response log end ***************

[2017-05-03 22:00:38.386] [INFO] resLogger - 
*************** response log start ***************
request method: GET
request originalUrl: /stylesheets/style.css
request client ip: ::1
request query: {}
response time:6
response status: 200
response body: 
{"_readableState":{"objectMode":false,"highWaterMark":65536,"buffer":{"head":null,"tail":null,"length":0},"length":0,"pipes":null,"pipesCount":0,"flowing":null,"ended":false,"endEmitted":false,"reading":false,"sync":true,"needReadable":false,"emittedReadable":false,"readableListening":false,"resumeScheduled":false,"defaultEncoding":"utf8","ranOut":false,"awaitDrain":0,"readingMore":false,"decoder":null,"encoding":null},"readable":true,"domain":null,"_events":{},"_eventsCount":2,"path":"D:\\buduhuisi\\server\\public\\stylesheets\\style.css","fd":null,"flags":"r","mode":438,"autoClose":true,"bytesRead":0}
*************** response log end ***************

[2017-05-03 22:00:40.284] [INFO] resLogger - 
*************** response log start ***************
request method: GET
request originalUrl: /
request client ip: ::1
request query: {}
response time:28
response status: 200
response body: 
"<!DOCTYPE html><html><head><title>不读会死</title><link rel=\"shortcut icon\" href=\"/favicon.ico\"><link rel=\"stylesheet\" href=\"/stylesheets/style.css\"></head><body><h1>不读会死</h1><p>Welcome to 不读会死</p></body></html>"
*************** response log end ***************

[2017-05-03 22:00:40.294] [INFO] resLogger - 
*************** response log start ***************
request method: GET
request originalUrl: /stylesheets/style.css
request client ip: ::1
request query: {}
response time:0
response status: 200
response body: 
{"_readableState":{"objectMode":false,"highWaterMark":65536,"buffer":{"head":null,"tail":null,"length":0},"length":0,"pipes":null,"pipesCount":0,"flowing":null,"ended":false,"endEmitted":false,"reading":false,"sync":true,"needReadable":false,"emittedReadable":false,"readableListening":false,"resumeScheduled":false,"defaultEncoding":"utf8","ranOut":false,"awaitDrain":0,"readingMore":false,"decoder":null,"encoding":null},"readable":true,"domain":null,"_events":{},"_eventsCount":2,"path":"D:\\buduhuisi\\server\\public\\stylesheets\\style.css","fd":null,"flags":"r","mode":438,"autoClose":true,"bytesRead":0}
*************** response log end ***************

[2017-05-03 22:00:43.513] [INFO] resLogger - 
*************** response log start ***************
request method: GET
request originalUrl: /
request client ip: ::1
request query: {}
response time:20
response status: 200
response body: 
"<!DOCTYPE html><html><head><title>不读会死</title><link rel=\"shortcut icon\" href=\"/favicon.ico\"><link rel=\"stylesheet\" href=\"/stylesheets/style.css\"></head><body><h1>不读会死</h1><p>Welcome to 不读会死</p></body></html>"
*************** response log end ***************

[2017-05-03 22:00:43.528] [INFO] resLogger - 
*************** response log start ***************
request method: GET
request originalUrl: /stylesheets/style.css
request client ip: ::1
request query: {}
response time:6
response status: 200
response body: 
{"_readableState":{"objectMode":false,"highWaterMark":65536,"buffer":{"head":null,"tail":null,"length":0},"length":0,"pipes":null,"pipesCount":0,"flowing":null,"ended":false,"endEmitted":false,"reading":false,"sync":true,"needReadable":false,"emittedReadable":false,"readableListening":false,"resumeScheduled":false,"defaultEncoding":"utf8","ranOut":false,"awaitDrain":0,"readingMore":false,"decoder":null,"encoding":null},"readable":true,"domain":null,"_events":{},"_eventsCount":2,"path":"D:\\buduhuisi\\server\\public\\stylesheets\\style.css","fd":null,"flags":"r","mode":438,"autoClose":true,"bytesRead":0}
*************** response log end ***************

[2017-05-03 22:00:49.219] [INFO] resLogger - 
*************** response log start ***************
request method: GET
request originalUrl: /
request client ip: ::1
request query: {}
response time:40
response status: 200
response body: 
"<!DOCTYPE html><html><head><title>不读会死</title><link rel=\"shortcut icon\" href=\"/favicon.ico\"><link rel=\"stylesheet\" href=\"/stylesheets/style.css\"></head><body><h1>不读会死</h1><p>Welcome to 不读会死</p></body></html>"
*************** response log end ***************

[2017-05-03 22:00:49.230] [INFO] resLogger - 
*************** response log start ***************
request method: GET
request originalUrl: /stylesheets/style.css
request client ip: ::1
request query: {}
response time:1
response status: 200
response body: 
{"_readableState":{"objectMode":false,"highWaterMark":65536,"buffer":{"head":null,"tail":null,"length":0},"length":0,"pipes":null,"pipesCount":0,"flowing":null,"ended":false,"endEmitted":false,"reading":false,"sync":true,"needReadable":false,"emittedReadable":false,"readableListening":false,"resumeScheduled":false,"defaultEncoding":"utf8","ranOut":false,"awaitDrain":0,"readingMore":false,"decoder":null,"encoding":null},"readable":true,"domain":null,"_events":{},"_eventsCount":2,"path":"D:\\buduhuisi\\server\\public\\stylesheets\\style.css","fd":null,"flags":"r","mode":438,"autoClose":true,"bytesRead":0}
*************** response log end ***************

[2017-05-03 22:00:50.216] [INFO] resLogger - 
*************** response log start ***************
request method: GET
request originalUrl: /
request client ip: ::1
request query: {}
response time:15
response status: 200
response body: 
"<!DOCTYPE html><html><head><title>不读会死</title><link rel=\"shortcut icon\" href=\"/favicon.ico\"><link rel=\"stylesheet\" href=\"/stylesheets/style.css\"></head><body><h1>不读会死</h1><p>Welcome to 不读会死</p></body></html>"
*************** response log end ***************

[2017-05-03 22:00:50.226] [INFO] resLogger - 
*************** response log start ***************
request method: GET
request originalUrl: /stylesheets/style.css
request client ip: ::1
request query: {}
response time:1
response status: 200
response body: 
{"_readableState":{"objectMode":false,"highWaterMark":65536,"buffer":{"head":null,"tail":null,"length":0},"length":0,"pipes":null,"pipesCount":0,"flowing":null,"ended":false,"endEmitted":false,"reading":false,"sync":true,"needReadable":false,"emittedReadable":false,"readableListening":false,"resumeScheduled":false,"defaultEncoding":"utf8","ranOut":false,"awaitDrain":0,"readingMore":false,"decoder":null,"encoding":null},"readable":true,"domain":null,"_events":{},"_eventsCount":2,"path":"D:\\buduhuisi\\server\\public\\stylesheets\\style.css","fd":null,"flags":"r","mode":438,"autoClose":true,"bytesRead":0}
*************** response log end ***************

[2017-05-03 22:00:50.878] [INFO] resLogger - 
*************** response log start ***************
request method: GET
request originalUrl: /
request client ip: ::1
request query: {}
response time:21
response status: 200
response body: 
"<!DOCTYPE html><html><head><title>不读会死</title><link rel=\"shortcut icon\" href=\"/favicon.ico\"><link rel=\"stylesheet\" href=\"/stylesheets/style.css\"></head><body><h1>不读会死</h1><p>Welcome to 不读会死</p></body></html>"
*************** response log end ***************

[2017-05-03 22:00:50.888] [INFO] resLogger - 
*************** response log start ***************
request method: GET
request originalUrl: /stylesheets/style.css
request client ip: ::1
request query: {}
response time:0
response status: 200
response body: 
{"_readableState":{"objectMode":false,"highWaterMark":65536,"buffer":{"head":null,"tail":null,"length":0},"length":0,"pipes":null,"pipesCount":0,"flowing":null,"ended":false,"endEmitted":false,"reading":false,"sync":true,"needReadable":false,"emittedReadable":false,"readableListening":false,"resumeScheduled":false,"defaultEncoding":"utf8","ranOut":false,"awaitDrain":0,"readingMore":false,"decoder":null,"encoding":null},"readable":true,"domain":null,"_events":{},"_eventsCount":2,"path":"D:\\buduhuisi\\server\\public\\stylesheets\\style.css","fd":null,"flags":"r","mode":438,"autoClose":true,"bytesRead":0}
*************** response log end ***************

[2017-05-03 22:01:04.623] [INFO] resLogger - 
*************** response log start ***************
request method: GET
request originalUrl: /
request client ip: ::1
request query: {}
response time:12
response status: 200
response body: 
"<!DOCTYPE html><html><head><title>不读会死</title><link rel=\"shortcut icon\" href=\"/favicon.ico\"><link rel=\"stylesheet\" href=\"/stylesheets/style.css\"></head><body><h1>不读会死</h1><p>Welcome to 不读会死</p></body></html>"
*************** response log end ***************

[2017-05-03 22:01:04.641] [INFO] resLogger - 
*************** response log start ***************
request method: GET
request originalUrl: /stylesheets/style.css
request client ip: ::1
request query: {}
response time:1
response status: 200
response body: 
{"_readableState":{"objectMode":false,"highWaterMark":65536,"buffer":{"head":null,"tail":null,"length":0},"length":0,"pipes":null,"pipesCount":0,"flowing":null,"ended":false,"endEmitted":false,"reading":false,"sync":true,"needReadable":false,"emittedReadable":false,"readableListening":false,"resumeScheduled":false,"defaultEncoding":"utf8","ranOut":false,"awaitDrain":0,"readingMore":false,"decoder":null,"encoding":null},"readable":true,"domain":null,"_events":{},"_eventsCount":2,"path":"D:\\buduhuisi\\server\\public\\stylesheets\\style.css","fd":null,"flags":"r","mode":438,"autoClose":true,"bytesRead":0}
*************** response log end ***************

[2017-05-03 22:03:36.316] [INFO] resLogger - 
*************** response log start ***************
request method: GET
request originalUrl: /
request client ip: ::1
request query: {}
response time:16
response status: 200
response body: 
"<!DOCTYPE html><html><head><title>不读会死</title><link rel=\"shortcut icon\" href=\"/favicon.ico\"><link rel=\"stylesheet\" href=\"/stylesheets/style.css\"></head><body><h1>不读会死</h1><p>Welcome to 不读会死</p></body></html>"
*************** response log end ***************

[2017-05-03 22:03:36.333] [INFO] resLogger - 
*************** response log start ***************
request method: GET
request originalUrl: /stylesheets/style.css
request client ip: ::1
request query: {}
response time:1
response status: 200
response body: 
{"_readableState":{"objectMode":false,"highWaterMark":65536,"buffer":{"head":null,"tail":null,"length":0},"length":0,"pipes":null,"pipesCount":0,"flowing":null,"ended":false,"endEmitted":false,"reading":false,"sync":true,"needReadable":false,"emittedReadable":false,"readableListening":false,"resumeScheduled":false,"defaultEncoding":"utf8","ranOut":false,"awaitDrain":0,"readingMore":false,"decoder":null,"encoding":null},"readable":true,"domain":null,"_events":{},"_eventsCount":2,"path":"D:\\buduhuisi\\server\\public\\stylesheets\\style.css","fd":null,"flags":"r","mode":438,"autoClose":true,"bytesRead":0}
*************** response log end ***************

[2017-05-03 22:03:55.014] [INFO] resLogger - 
*************** response log start ***************
request method: GET
request originalUrl: /
request client ip: ::1
request query: {}
response time:10
response status: 200
response body: 
"<!DOCTYPE html><html><head><title>不读会死</title><link rel=\"shortcut icon\" href=\"/favicon.ico\"><link rel=\"stylesheet\" href=\"/stylesheets/style.css\"></head><body><h1>不读会死</h1><p>Welcome to 不读会死</p></body></html>"
*************** response log end ***************

[2017-05-03 22:03:55.027] [INFO] resLogger - 
*************** response log start ***************
request method: GET
request originalUrl: /stylesheets/style.css
request client ip: ::1
request query: {}
response time:1
response status: 200
response body: 
{"_readableState":{"objectMode":false,"highWaterMark":65536,"buffer":{"head":null,"tail":null,"length":0},"length":0,"pipes":null,"pipesCount":0,"flowing":null,"ended":false,"endEmitted":false,"reading":false,"sync":true,"needReadable":false,"emittedReadable":false,"readableListening":false,"resumeScheduled":false,"defaultEncoding":"utf8","ranOut":false,"awaitDrain":0,"readingMore":false,"decoder":null,"encoding":null},"readable":true,"domain":null,"_events":{},"_eventsCount":2,"path":"D:\\buduhuisi\\server\\public\\stylesheets\\style.css","fd":null,"flags":"r","mode":438,"autoClose":true,"bytesRead":0}
*************** response log end ***************

[2017-05-03 22:03:56.158] [INFO] resLogger - 
*************** response log start ***************
request method: GET
request originalUrl: /
request client ip: ::1
request query: {}
response time:19
response status: 200
response body: 
"<!DOCTYPE html><html><head><title>不读会死</title><link rel=\"shortcut icon\" href=\"/favicon.ico\"><link rel=\"stylesheet\" href=\"/stylesheets/style.css\"></head><body><h1>不读会死</h1><p>Welcome to 不读会死</p></body></html>"
*************** response log end ***************

[2017-05-03 22:03:56.174] [INFO] resLogger - 
*************** response log start ***************
request method: GET
request originalUrl: /stylesheets/style.css
request client ip: ::1
request query: {}
response time:0
response status: 200
response body: 
{"_readableState":{"objectMode":false,"highWaterMark":65536,"buffer":{"head":null,"tail":null,"length":0},"length":0,"pipes":null,"pipesCount":0,"flowing":null,"ended":false,"endEmitted":false,"reading":false,"sync":true,"needReadable":false,"emittedReadable":false,"readableListening":false,"resumeScheduled":false,"defaultEncoding":"utf8","ranOut":false,"awaitDrain":0,"readingMore":false,"decoder":null,"encoding":null},"readable":true,"domain":null,"_events":{},"_eventsCount":2,"path":"D:\\buduhuisi\\server\\public\\stylesheets\\style.css","fd":null,"flags":"r","mode":438,"autoClose":true,"bytesRead":0}
*************** response log end ***************

[2017-05-03 22:08:13.570] [INFO] resLogger - 
*************** response log start ***************
request method: GET
request originalUrl: /users/registerUser
request client ip: ::1
request query: {}
response time:0
response status: 404
response body: 
undefined
*************** response log end ***************

[2017-05-03 22:08:25.875] [INFO] resLogger - 
*************** response log start ***************
request method: GET
request originalUrl: /user/registerUser
request client ip: ::1
request query: {}
response time:1
response status: 404
response body: 
undefined
*************** response log end ***************

[2017-05-03 22:08:31.020] [INFO] resLogger - 
*************** response log start ***************
request method: GET
request originalUrl: /users/registerUser
request client ip: ::1
request query: {}
response time:1
response status: 404
response body: 
undefined
*************** response log end ***************

[2017-05-03 22:08:56.667] [INFO] resLogger - 
*************** response log start ***************
request method: GET
request originalUrl: /
request client ip: ::1
request query: {}
response time:10
response status: 200
response body: 
"<!DOCTYPE html><html><head><title>不读会死</title><link rel=\"shortcut icon\" href=\"/favicon.ico\"><link rel=\"stylesheet\" href=\"/stylesheets/style.css\"></head><body><h1>不读会死</h1><p>Welcome to 不读会死</p></body></html>"
*************** response log end ***************

[2017-05-03 22:08:56.678] [INFO] resLogger - 
*************** response log start ***************
request method: GET
request originalUrl: /stylesheets/style.css
request client ip: ::1
request query: {}
response time:1
response status: 200
response body: 
{"_readableState":{"objectMode":false,"highWaterMark":65536,"buffer":{"head":null,"tail":null,"length":0},"length":0,"pipes":null,"pipesCount":0,"flowing":null,"ended":false,"endEmitted":false,"reading":false,"sync":true,"needReadable":false,"emittedReadable":false,"readableListening":false,"resumeScheduled":false,"defaultEncoding":"utf8","ranOut":false,"awaitDrain":0,"readingMore":false,"decoder":null,"encoding":null},"readable":true,"domain":null,"_events":{},"_eventsCount":2,"path":"D:\\buduhuisi\\server\\public\\stylesheets\\style.css","fd":null,"flags":"r","mode":438,"autoClose":true,"bytesRead":0}
*************** response log end ***************

[2017-05-03 22:09:00.287] [INFO] resLogger - 
*************** response log start ***************
request method: GET
request originalUrl: /my
request client ip: ::1
request query: {}
response time:7
response status: 200
response body: 
"<!DOCTYPE html><html><head><title>我</title><link rel=\"shortcut icon\" href=\"/favicon.ico\"><link rel=\"stylesheet\" href=\"/stylesheets/style.css\"></head><body><h1>我</h1><p>Welcome to 我</p></body></html>"
*************** response log end ***************

[2017-05-03 22:09:00.298] [INFO] resLogger - 
*************** response log start ***************
request method: GET
request originalUrl: /stylesheets/style.css
request client ip: ::1
request query: {}
response time:2
response status: 200
response body: 
{"_readableState":{"objectMode":false,"highWaterMark":65536,"buffer":{"head":null,"tail":null,"length":0},"length":0,"pipes":null,"pipesCount":0,"flowing":null,"ended":false,"endEmitted":false,"reading":false,"sync":true,"needReadable":false,"emittedReadable":false,"readableListening":false,"resumeScheduled":false,"defaultEncoding":"utf8","ranOut":false,"awaitDrain":0,"readingMore":false,"decoder":null,"encoding":null},"readable":true,"domain":null,"_events":{},"_eventsCount":2,"path":"D:\\buduhuisi\\server\\public\\stylesheets\\style.css","fd":null,"flags":"r","mode":438,"autoClose":true,"bytesRead":0}
*************** response log end ***************

[2017-05-03 22:09:11.662] [INFO] resLogger - 
*************** response log start ***************
request method: GET
request originalUrl: /users/registerUser
request client ip: ::1
request query: {}
response time:2
response status: 404
response body: 
undefined
*************** response log end ***************

[2017-05-03 22:18:49.893] [INFO] resLogger - 
*************** response log start ***************
request method: GET
request originalUrl: /users/registerUser
request client ip: ::1
request query: {}
response time:1
response status: 404
response body: 
undefined
*************** response log end ***************

[2017-05-03 22:18:50.764] [INFO] resLogger - 
*************** response log start ***************
request method: GET
request originalUrl: /users/registerUser
request client ip: ::1
request query: {}
response time:1
response status: 404
response body: 
undefined
*************** response log end ***************

[2017-05-03 22:18:51.019] [INFO] resLogger - 
*************** response log start ***************
request method: GET
request originalUrl: /users/registerUser
request client ip: ::1
request query: {}
response time:1
response status: 404
response body: 
undefined
*************** response log end ***************

[2017-05-03 22:20:32.163] [INFO] resLogger - 
*************** response log start ***************
request method: GET
request originalUrl: /users/getUser
request client ip: ::1
request query: {}
response time:847
response status: 200
response body: 
"<!DOCTYPE html><html><head><title>不读会死</title><link rel=\"shortcut icon\" href=\"/favicon.ico\"><link rel=\"stylesheet\" href=\"/stylesheets/style.css\"></head><body><h1>不读会死</h1><p>Welcome to 不读会死</p></body></html>"
*************** response log end ***************

[2017-05-03 22:20:32.178] [INFO] resLogger - 
*************** response log start ***************
request method: GET
request originalUrl: /stylesheets/style.css
request client ip: ::1
request query: {}
response time:3
response status: 200
response body: 
{"_readableState":{"objectMode":false,"highWaterMark":65536,"buffer":{"head":null,"tail":null,"length":0},"length":0,"pipes":null,"pipesCount":0,"flowing":null,"ended":false,"endEmitted":false,"reading":false,"sync":true,"needReadable":false,"emittedReadable":false,"readableListening":false,"resumeScheduled":false,"defaultEncoding":"utf8","ranOut":false,"awaitDrain":0,"readingMore":false,"decoder":null,"encoding":null},"readable":true,"domain":null,"_events":{},"_eventsCount":2,"path":"D:\\buduhuisi\\server\\public\\stylesheets\\style.css","fd":null,"flags":"r","mode":438,"autoClose":true,"bytesRead":0}
*************** response log end ***************

[2017-05-03 22:20:34.607] [INFO] resLogger - 
*************** response log start ***************
request method: GET
request originalUrl: /users/getUser
request client ip: ::1
request query: {}
response time:20
response status: 200
response body: 
"<!DOCTYPE html><html><head><title>不读会死</title><link rel=\"shortcut icon\" href=\"/favicon.ico\"><link rel=\"stylesheet\" href=\"/stylesheets/style.css\"></head><body><h1>不读会死</h1><p>Welcome to 不读会死</p></body></html>"
*************** response log end ***************

[2017-05-03 22:20:34.616] [INFO] resLogger - 
*************** response log start ***************
request method: GET
request originalUrl: /stylesheets/style.css
request client ip: ::1
request query: {}
response time:1
response status: 200
response body: 
{"_readableState":{"objectMode":false,"highWaterMark":65536,"buffer":{"head":null,"tail":null,"length":0},"length":0,"pipes":null,"pipesCount":0,"flowing":null,"ended":false,"endEmitted":false,"reading":false,"sync":true,"needReadable":false,"emittedReadable":false,"readableListening":false,"resumeScheduled":false,"defaultEncoding":"utf8","ranOut":false,"awaitDrain":0,"readingMore":false,"decoder":null,"encoding":null},"readable":true,"domain":null,"_events":{},"_eventsCount":2,"path":"D:\\buduhuisi\\server\\public\\stylesheets\\style.css","fd":null,"flags":"r","mode":438,"autoClose":true,"bytesRead":0}
*************** response log end ***************

[2017-05-03 22:20:53.741] [INFO] resLogger - 
*************** response log start ***************
request method: GET
request originalUrl: /users/getUser
request client ip: ::1
request query: {}
response time:268
response status: 200
response body: 
"<!DOCTYPE html><html><head><title></title><link rel=\"shortcut icon\" href=\"/favicon.ico\"><link rel=\"stylesheet\" href=\"/stylesheets/style.css\"></head><body><h1></h1><p>Welcome to </p></body></html>"
*************** response log end ***************

[2017-05-03 22:20:53.761] [INFO] resLogger - 
*************** response log start ***************
request method: GET
request originalUrl: /stylesheets/style.css
request client ip: ::1
request query: {}
response time:8
response status: 200
response body: 
{"_readableState":{"objectMode":false,"highWaterMark":65536,"buffer":{"head":null,"tail":null,"length":0},"length":0,"pipes":null,"pipesCount":0,"flowing":null,"ended":false,"endEmitted":false,"reading":false,"sync":true,"needReadable":false,"emittedReadable":false,"readableListening":false,"resumeScheduled":false,"defaultEncoding":"utf8","ranOut":false,"awaitDrain":0,"readingMore":false,"decoder":null,"encoding":null},"readable":true,"domain":null,"_events":{},"_eventsCount":2,"path":"D:\\buduhuisi\\server\\public\\stylesheets\\style.css","fd":null,"flags":"r","mode":438,"autoClose":true,"bytesRead":0}
*************** response log end ***************

[2017-05-03 22:20:56.051] [INFO] resLogger - 
*************** response log start ***************
request method: GET
request originalUrl: /users/getUser
request client ip: ::1
request query: {}
response time:24
response status: 200
response body: 
"<!DOCTYPE html><html><head><title></title><link rel=\"shortcut icon\" href=\"/favicon.ico\"><link rel=\"stylesheet\" href=\"/stylesheets/style.css\"></head><body><h1></h1><p>Welcome to </p></body></html>"
*************** response log end ***************

[2017-05-03 22:20:56.060] [INFO] resLogger - 
*************** response log start ***************
request method: GET
request originalUrl: /stylesheets/style.css
request client ip: ::1
request query: {}
response time:1
response status: 200
response body: 
{"_readableState":{"objectMode":false,"highWaterMark":65536,"buffer":{"head":null,"tail":null,"length":0},"length":0,"pipes":null,"pipesCount":0,"flowing":null,"ended":false,"endEmitted":false,"reading":false,"sync":true,"needReadable":false,"emittedReadable":false,"readableListening":false,"resumeScheduled":false,"defaultEncoding":"utf8","ranOut":false,"awaitDrain":0,"readingMore":false,"decoder":null,"encoding":null},"readable":true,"domain":null,"_events":{},"_eventsCount":2,"path":"D:\\buduhuisi\\server\\public\\stylesheets\\style.css","fd":null,"flags":"r","mode":438,"autoClose":true,"bytesRead":0}
*************** response log end ***************

[2017-05-03 22:22:51.691] [INFO] resLogger - 
*************** response log start ***************
request method: GET
request originalUrl: /users/getUser
request client ip: ::1
request query: {}
response time:31
response status: 200
response body: 
"<!DOCTYPE html><html><head><title></title><link rel=\"shortcut icon\" href=\"/favicon.ico\"><link rel=\"stylesheet\" href=\"/stylesheets/style.css\"></head><body><h1></h1><p>Welcome to </p></body></html>"
*************** response log end ***************

[2017-05-03 22:22:51.715] [INFO] resLogger - 
*************** response log start ***************
request method: GET
request originalUrl: /stylesheets/style.css
request client ip: ::1
request query: {}
response time:16
response status: 200
response body: 
{"_readableState":{"objectMode":false,"highWaterMark":65536,"buffer":{"head":null,"tail":null,"length":0},"length":0,"pipes":null,"pipesCount":0,"flowing":null,"ended":false,"endEmitted":false,"reading":false,"sync":true,"needReadable":false,"emittedReadable":false,"readableListening":false,"resumeScheduled":false,"defaultEncoding":"utf8","ranOut":false,"awaitDrain":0,"readingMore":false,"decoder":null,"encoding":null},"readable":true,"domain":null,"_events":{},"_eventsCount":2,"path":"D:\\buduhuisi\\server\\public\\stylesheets\\style.css","fd":null,"flags":"r","mode":438,"autoClose":true,"bytesRead":0}
*************** response log end ***************

[2017-05-03 22:23:01.080] [INFO] resLogger - 
*************** response log start ***************
request method: GET
request originalUrl: /users/registerUser
request client ip: ::1
request query: {}
response time:5
response status: 404
response body: 
undefined
*************** response log end ***************

[2017-05-03 22:23:05.594] [INFO] resLogger - 
*************** response log start ***************
request method: GET
request originalUrl: /my
request client ip: ::1
request query: {}
response time:22
response status: 200
response body: 
"<!DOCTYPE html><html><head><title>我</title><link rel=\"shortcut icon\" href=\"/favicon.ico\"><link rel=\"stylesheet\" href=\"/stylesheets/style.css\"></head><body><h1>我</h1><p>Welcome to 我</p></body></html>"
*************** response log end ***************

[2017-05-03 22:23:05.603] [INFO] resLogger - 
*************** response log start ***************
request method: GET
request originalUrl: /stylesheets/style.css
request client ip: ::1
request query: {}
response time:1
response status: 200
response body: 
{"_readableState":{"objectMode":false,"highWaterMark":65536,"buffer":{"head":null,"tail":null,"length":0},"length":0,"pipes":null,"pipesCount":0,"flowing":null,"ended":false,"endEmitted":false,"reading":false,"sync":true,"needReadable":false,"emittedReadable":false,"readableListening":false,"resumeScheduled":false,"defaultEncoding":"utf8","ranOut":false,"awaitDrain":0,"readingMore":false,"decoder":null,"encoding":null},"readable":true,"domain":null,"_events":{},"_eventsCount":2,"path":"D:\\buduhuisi\\server\\public\\stylesheets\\style.css","fd":null,"flags":"r","mode":438,"autoClose":true,"bytesRead":0}
*************** response log end ***************

